2022-06-13 11:42:23,604 || DEBUG o.h.jpa.internal.util.LogHelper--102 - PersistenceUnitInfo [
	name: default
	persistence provider classname: null
	classloader: org.springframework.boot.devtools.restart.classloader.RestartClassLoader@5d818987
	excludeUnlistedClasses: true
	JTA datasource: null
	Non JTA datasource: HikariDataSource (null)
	Transaction type: RESOURCE_LOCAL
	PU root URL: file:/home/developer/QUESTIONARI/Questionario/gestionequestionari-spring-boot/target/classes/
	Shared Cache Mode: UNSPECIFIED
	Validation Mode: AUTO
	Jar files URLs []
	Managed classes names [
		it.f2informatica.questionari.domain.Domande
		it.f2informatica.questionari.domain.Questionario
		it.f2informatica.questionari.domain.QuestionarioUtente
		it.f2informatica.questionari.domain.RisposteUtente
		it.f2informatica.questionari.domain.Utente]
	Mapping files names []
	Properties []
2022-06-13 11:42:23,611 || DEBUG o.h.i.internal.IntegratorServiceImpl--46 - Adding Integrator [org.hibernate.cfg.beanvalidation.BeanValidationIntegrator].
2022-06-13 11:42:23,612 || DEBUG o.h.i.internal.IntegratorServiceImpl--46 - Adding Integrator [org.hibernate.secure.spi.JaccIntegrator].
2022-06-13 11:42:23,613 || DEBUG o.h.i.internal.IntegratorServiceImpl--46 - Adding Integrator [org.hibernate.cache.internal.CollectionCacheInvalidator].
2022-06-13 11:42:23,639 || INFO  org.hibernate.Version--44 - HHH000412: Hibernate ORM core version 5.6.8.Final
2022-06-13 11:42:23,640 || DEBUG org.hibernate.cfg.Environment--199 - HHH000206: hibernate.properties not found
2022-06-13 11:42:23,728 || DEBUG o.h.service.spi.ServiceBinding--68 - Overriding existing service binding [org.hibernate.secure.spi.JaccService]
2022-06-13 11:42:23,737 || DEBUG o.h.c.i.RegionFactoryInitiator--118 - Cannot default RegionFactory based on registered strategies as `[]` RegionFactory strategies were registered
2022-06-13 11:42:23,737 || DEBUG o.h.c.i.RegionFactoryInitiator--49 - Cache region factory : org.hibernate.cache.internal.NoCachingRegionFactory
2022-06-13 11:42:23,755 || INFO  o.h.annotations.common.Version--56 - HCANN000001: Hibernate Commons Annotations {5.1.2.Final}
2022-06-13 11:42:23,781 || DEBUG org.hibernate.type.BasicTypeRegistry--157 - Adding type registration boolean -> org.hibernate.type.BooleanType@3dfaee6
2022-06-13 11:42:23,781 || DEBUG org.hibernate.type.BasicTypeRegistry--157 - Adding type registration boolean -> org.hibernate.type.BooleanType@3dfaee6
2022-06-13 11:42:23,781 || DEBUG org.hibernate.type.BasicTypeRegistry--157 - Adding type registration java.lang.Boolean -> org.hibernate.type.BooleanType@3dfaee6
2022-06-13 11:42:23,782 || DEBUG org.hibernate.type.BasicTypeRegistry--157 - Adding type registration numeric_boolean -> org.hibernate.type.NumericBooleanType@28c3a6e3
2022-06-13 11:42:23,782 || DEBUG org.hibernate.type.BasicTypeRegistry--157 - Adding type registration true_false -> org.hibernate.type.TrueFalseType@510f26b5
2022-06-13 11:42:23,783 || DEBUG org.hibernate.type.BasicTypeRegistry--157 - Adding type registration yes_no -> org.hibernate.type.YesNoType@5261d2bc
2022-06-13 11:42:23,784 || DEBUG org.hibernate.type.BasicTypeRegistry--157 - Adding type registration byte -> org.hibernate.type.ByteType@6bacbc4f
2022-06-13 11:42:23,784 || DEBUG org.hibernate.type.BasicTypeRegistry--157 - Adding type registration byte -> org.hibernate.type.ByteType@6bacbc4f
2022-06-13 11:42:23,784 || DEBUG org.hibernate.type.BasicTypeRegistry--157 - Adding type registration java.lang.Byte -> org.hibernate.type.ByteType@6bacbc4f
2022-06-13 11:42:23,785 || DEBUG org.hibernate.type.BasicTypeRegistry--157 - Adding type registration character -> org.hibernate.type.CharacterType@1cb5e08f
2022-06-13 11:42:23,785 || DEBUG org.hibernate.type.BasicTypeRegistry--157 - Adding type registration char -> org.hibernate.type.CharacterType@1cb5e08f
2022-06-13 11:42:23,785 || DEBUG org.hibernate.type.BasicTypeRegistry--157 - Adding type registration java.lang.Character -> org.hibernate.type.CharacterType@1cb5e08f
2022-06-13 11:42:23,786 || DEBUG org.hibernate.type.BasicTypeRegistry--157 - Adding type registration short -> org.hibernate.type.ShortType@3de5bd85
2022-06-13 11:42:23,786 || DEBUG org.hibernate.type.BasicTypeRegistry--157 - Adding type registration short -> org.hibernate.type.ShortType@3de5bd85
2022-06-13 11:42:23,786 || DEBUG org.hibernate.type.BasicTypeRegistry--157 - Adding type registration java.lang.Short -> org.hibernate.type.ShortType@3de5bd85
2022-06-13 11:42:23,787 || DEBUG org.hibernate.type.BasicTypeRegistry--157 - Adding type registration integer -> org.hibernate.type.IntegerType@5c3b85bf
2022-06-13 11:42:23,787 || DEBUG org.hibernate.type.BasicTypeRegistry--157 - Adding type registration int -> org.hibernate.type.IntegerType@5c3b85bf
2022-06-13 11:42:23,787 || DEBUG org.hibernate.type.BasicTypeRegistry--157 - Adding type registration java.lang.Integer -> org.hibernate.type.IntegerType@5c3b85bf
2022-06-13 11:42:23,788 || DEBUG org.hibernate.type.BasicTypeRegistry--157 - Adding type registration long -> org.hibernate.type.LongType@59a059b6
2022-06-13 11:42:23,788 || DEBUG org.hibernate.type.BasicTypeRegistry--157 - Adding type registration long -> org.hibernate.type.LongType@59a059b6
2022-06-13 11:42:23,788 || DEBUG org.hibernate.type.BasicTypeRegistry--157 - Adding type registration java.lang.Long -> org.hibernate.type.LongType@59a059b6
2022-06-13 11:42:23,789 || DEBUG org.hibernate.type.BasicTypeRegistry--157 - Adding type registration float -> org.hibernate.type.FloatType@12d806f
2022-06-13 11:42:23,789 || DEBUG org.hibernate.type.BasicTypeRegistry--157 - Adding type registration float -> org.hibernate.type.FloatType@12d806f
2022-06-13 11:42:23,789 || DEBUG org.hibernate.type.BasicTypeRegistry--157 - Adding type registration java.lang.Float -> org.hibernate.type.FloatType@12d806f
2022-06-13 11:42:23,790 || DEBUG org.hibernate.type.BasicTypeRegistry--157 - Adding type registration double -> org.hibernate.type.DoubleType@1288de9a
2022-06-13 11:42:23,790 || DEBUG org.hibernate.type.BasicTypeRegistry--157 - Adding type registration double -> org.hibernate.type.DoubleType@1288de9a
2022-06-13 11:42:23,790 || DEBUG org.hibernate.type.BasicTypeRegistry--157 - Adding type registration java.lang.Double -> org.hibernate.type.DoubleType@1288de9a
2022-06-13 11:42:23,791 || DEBUG org.hibernate.type.BasicTypeRegistry--157 - Adding type registration big_decimal -> org.hibernate.type.BigDecimalType@3e42ee1b
2022-06-13 11:42:23,791 || DEBUG org.hibernate.type.BasicTypeRegistry--157 - Adding type registration java.math.BigDecimal -> org.hibernate.type.BigDecimalType@3e42ee1b
2022-06-13 11:42:23,791 || DEBUG org.hibernate.type.BasicTypeRegistry--157 - Adding type registration big_integer -> org.hibernate.type.BigIntegerType@7f8b40ec
2022-06-13 11:42:23,792 || DEBUG org.hibernate.type.BasicTypeRegistry--157 - Adding type registration java.math.BigInteger -> org.hibernate.type.BigIntegerType@7f8b40ec
2022-06-13 11:42:23,792 || DEBUG org.hibernate.type.BasicTypeRegistry--157 - Adding type registration string -> org.hibernate.type.StringType@4ada4f79
2022-06-13 11:42:23,792 || DEBUG org.hibernate.type.BasicTypeRegistry--157 - Adding type registration java.lang.String -> org.hibernate.type.StringType@4ada4f79
2022-06-13 11:42:23,793 || DEBUG org.hibernate.type.BasicTypeRegistry--157 - Adding type registration nstring -> org.hibernate.type.StringNVarcharType@4599ec3e
2022-06-13 11:42:23,793 || DEBUG org.hibernate.type.BasicTypeRegistry--157 - Adding type registration ncharacter -> org.hibernate.type.CharacterNCharType@b22e98b
2022-06-13 11:42:23,794 || DEBUG org.hibernate.type.BasicTypeRegistry--157 - Adding type registration url -> org.hibernate.type.UrlType@519cebd
2022-06-13 11:42:23,794 || DEBUG org.hibernate.type.BasicTypeRegistry--157 - Adding type registration java.net.URL -> org.hibernate.type.UrlType@519cebd
2022-06-13 11:42:23,795 || DEBUG org.hibernate.type.BasicTypeRegistry--157 - Adding type registration Duration -> org.hibernate.type.DurationType@16948cb8
2022-06-13 11:42:23,795 || DEBUG org.hibernate.type.BasicTypeRegistry--157 - Adding type registration java.time.Duration -> org.hibernate.type.DurationType@16948cb8
2022-06-13 11:42:23,796 || DEBUG org.hibernate.type.BasicTypeRegistry--157 - Adding type registration Instant -> org.hibernate.type.InstantType@1b5c46e0
2022-06-13 11:42:23,796 || DEBUG org.hibernate.type.BasicTypeRegistry--157 - Adding type registration java.time.Instant -> org.hibernate.type.InstantType@1b5c46e0
2022-06-13 11:42:23,797 || DEBUG org.hibernate.type.BasicTypeRegistry--157 - Adding type registration LocalDateTime -> org.hibernate.type.LocalDateTimeType@74576404
2022-06-13 11:42:23,797 || DEBUG org.hibernate.type.BasicTypeRegistry--157 - Adding type registration java.time.LocalDateTime -> org.hibernate.type.LocalDateTimeType@74576404
2022-06-13 11:42:23,798 || DEBUG org.hibernate.type.BasicTypeRegistry--157 - Adding type registration LocalDate -> org.hibernate.type.LocalDateType@214fd7c9
2022-06-13 11:42:23,798 || DEBUG org.hibernate.type.BasicTypeRegistry--157 - Adding type registration java.time.LocalDate -> org.hibernate.type.LocalDateType@214fd7c9
2022-06-13 11:42:23,798 || DEBUG org.hibernate.type.BasicTypeRegistry--157 - Adding type registration LocalTime -> org.hibernate.type.LocalTimeType@7db8e767
2022-06-13 11:42:23,798 || DEBUG org.hibernate.type.BasicTypeRegistry--157 - Adding type registration java.time.LocalTime -> org.hibernate.type.LocalTimeType@7db8e767
2022-06-13 11:42:23,799 || DEBUG org.hibernate.type.BasicTypeRegistry--157 - Adding type registration OffsetDateTime -> org.hibernate.type.OffsetDateTimeType@7926dec7
2022-06-13 11:42:23,799 || DEBUG org.hibernate.type.BasicTypeRegistry--157 - Adding type registration java.time.OffsetDateTime -> org.hibernate.type.OffsetDateTimeType@7926dec7
2022-06-13 11:42:23,800 || DEBUG org.hibernate.type.BasicTypeRegistry--157 - Adding type registration OffsetTime -> org.hibernate.type.OffsetTimeType@170a90d
2022-06-13 11:42:23,800 || DEBUG org.hibernate.type.BasicTypeRegistry--157 - Adding type registration java.time.OffsetTime -> org.hibernate.type.OffsetTimeType@170a90d
2022-06-13 11:42:23,801 || DEBUG org.hibernate.type.BasicTypeRegistry--157 - Adding type registration ZonedDateTime -> org.hibernate.type.ZonedDateTimeType@2760298d
2022-06-13 11:42:23,801 || DEBUG org.hibernate.type.BasicTypeRegistry--157 - Adding type registration java.time.ZonedDateTime -> org.hibernate.type.ZonedDateTimeType@2760298d
2022-06-13 11:42:23,803 || DEBUG org.hibernate.type.BasicTypeRegistry--157 - Adding type registration date -> org.hibernate.type.DateType@2e995db
2022-06-13 11:42:23,803 || DEBUG org.hibernate.type.BasicTypeRegistry--157 - Adding type registration java.sql.Date -> org.hibernate.type.DateType@2e995db
2022-06-13 11:42:23,804 || DEBUG org.hibernate.type.BasicTypeRegistry--157 - Adding type registration time -> org.hibernate.type.TimeType@201e715c
2022-06-13 11:42:23,804 || DEBUG org.hibernate.type.BasicTypeRegistry--157 - Adding type registration java.sql.Time -> org.hibernate.type.TimeType@201e715c
2022-06-13 11:42:23,805 || DEBUG org.hibernate.type.BasicTypeRegistry--157 - Adding type registration timestamp -> org.hibernate.type.TimestampType@7189883c
2022-06-13 11:42:23,805 || DEBUG org.hibernate.type.BasicTypeRegistry--157 - Adding type registration java.sql.Timestamp -> org.hibernate.type.TimestampType@7189883c
2022-06-13 11:42:23,805 || DEBUG org.hibernate.type.BasicTypeRegistry--157 - Adding type registration java.util.Date -> org.hibernate.type.TimestampType@7189883c
2022-06-13 11:42:23,806 || DEBUG org.hibernate.type.BasicTypeRegistry--157 - Adding type registration dbtimestamp -> org.hibernate.type.DbTimestampType@3dcd387e
2022-06-13 11:42:23,807 || DEBUG org.hibernate.type.BasicTypeRegistry--157 - Adding type registration calendar -> org.hibernate.type.CalendarType@1b1e4701
2022-06-13 11:42:23,807 || DEBUG org.hibernate.type.BasicTypeRegistry--157 - Adding type registration java.util.Calendar -> org.hibernate.type.CalendarType@1b1e4701
2022-06-13 11:42:23,807 || DEBUG org.hibernate.type.BasicTypeRegistry--157 - Adding type registration java.util.GregorianCalendar -> org.hibernate.type.CalendarType@1b1e4701
2022-06-13 11:42:23,807 || DEBUG org.hibernate.type.BasicTypeRegistry--157 - Adding type registration calendar_date -> org.hibernate.type.CalendarDateType@74c092d7
2022-06-13 11:42:23,808 || DEBUG org.hibernate.type.BasicTypeRegistry--157 - Adding type registration calendar_time -> org.hibernate.type.CalendarTimeType@7cea2956
2022-06-13 11:42:23,809 || DEBUG org.hibernate.type.BasicTypeRegistry--157 - Adding type registration locale -> org.hibernate.type.LocaleType@5b8ca1b
2022-06-13 11:42:23,809 || DEBUG org.hibernate.type.BasicTypeRegistry--157 - Adding type registration java.util.Locale -> org.hibernate.type.LocaleType@5b8ca1b
2022-06-13 11:42:23,809 || DEBUG org.hibernate.type.BasicTypeRegistry--157 - Adding type registration currency -> org.hibernate.type.CurrencyType@2e6bb6f5
2022-06-13 11:42:23,809 || DEBUG org.hibernate.type.BasicTypeRegistry--157 - Adding type registration java.util.Currency -> org.hibernate.type.CurrencyType@2e6bb6f5
2022-06-13 11:42:23,810 || DEBUG org.hibernate.type.BasicTypeRegistry--157 - Adding type registration timezone -> org.hibernate.type.TimeZoneType@6003db4
2022-06-13 11:42:23,810 || DEBUG org.hibernate.type.BasicTypeRegistry--157 - Adding type registration java.util.TimeZone -> org.hibernate.type.TimeZoneType@6003db4
2022-06-13 11:42:23,810 || DEBUG org.hibernate.type.BasicTypeRegistry--157 - Adding type registration class -> org.hibernate.type.ClassType@429682ab
2022-06-13 11:42:23,811 || DEBUG org.hibernate.type.BasicTypeRegistry--157 - Adding type registration java.lang.Class -> org.hibernate.type.ClassType@429682ab
2022-06-13 11:42:23,811 || DEBUG org.hibernate.type.BasicTypeRegistry--157 - Adding type registration uuid-binary -> org.hibernate.type.UUIDBinaryType@782eccfd
2022-06-13 11:42:23,811 || DEBUG org.hibernate.type.BasicTypeRegistry--157 - Adding type registration java.util.UUID -> org.hibernate.type.UUIDBinaryType@782eccfd
2022-06-13 11:42:23,811 || DEBUG org.hibernate.type.BasicTypeRegistry--157 - Adding type registration uuid-char -> org.hibernate.type.UUIDCharType@4d8c5e47
2022-06-13 11:42:23,812 || DEBUG org.hibernate.type.BasicTypeRegistry--157 - Adding type registration binary -> org.hibernate.type.BinaryType@43b4f536
2022-06-13 11:42:23,812 || DEBUG org.hibernate.type.BasicTypeRegistry--157 - Adding type registration byte[] -> org.hibernate.type.BinaryType@43b4f536
2022-06-13 11:42:23,813 || DEBUG org.hibernate.type.BasicTypeRegistry--157 - Adding type registration [B -> org.hibernate.type.BinaryType@43b4f536
2022-06-13 11:42:23,813 || DEBUG org.hibernate.type.BasicTypeRegistry--157 - Adding type registration wrapper-binary -> org.hibernate.type.WrapperBinaryType@eaa8b6
2022-06-13 11:42:23,813 || DEBUG org.hibernate.type.BasicTypeRegistry--157 - Adding type registration Byte[] -> org.hibernate.type.WrapperBinaryType@eaa8b6
2022-06-13 11:42:23,813 || DEBUG org.hibernate.type.BasicTypeRegistry--157 - Adding type registration [Ljava.lang.Byte; -> org.hibernate.type.WrapperBinaryType@eaa8b6
2022-06-13 11:42:23,814 || DEBUG org.hibernate.type.BasicTypeRegistry--157 - Adding type registration row_version -> org.hibernate.type.RowVersionType@f72ea82
2022-06-13 11:42:23,814 || DEBUG org.hibernate.type.BasicTypeRegistry--157 - Adding type registration image -> org.hibernate.type.ImageType@6cb92955
2022-06-13 11:42:23,815 || DEBUG org.hibernate.type.BasicTypeRegistry--157 - Adding type registration characters -> org.hibernate.type.CharArrayType@59c55969
2022-06-13 11:42:23,815 || DEBUG org.hibernate.type.BasicTypeRegistry--157 - Adding type registration char[] -> org.hibernate.type.CharArrayType@59c55969
2022-06-13 11:42:23,815 || DEBUG org.hibernate.type.BasicTypeRegistry--157 - Adding type registration [C -> org.hibernate.type.CharArrayType@59c55969
2022-06-13 11:42:23,816 || DEBUG org.hibernate.type.BasicTypeRegistry--157 - Adding type registration wrapper-characters -> org.hibernate.type.CharacterArrayType@12437a83
2022-06-13 11:42:23,816 || DEBUG org.hibernate.type.BasicTypeRegistry--157 - Adding type registration [Ljava.lang.Character; -> org.hibernate.type.CharacterArrayType@12437a83
2022-06-13 11:42:23,816 || DEBUG org.hibernate.type.BasicTypeRegistry--157 - Adding type registration Character[] -> org.hibernate.type.CharacterArrayType@12437a83
2022-06-13 11:42:23,816 || DEBUG org.hibernate.type.BasicTypeRegistry--157 - Adding type registration text -> org.hibernate.type.TextType@579dc03d
2022-06-13 11:42:23,816 || DEBUG org.hibernate.type.BasicTypeRegistry--157 - Adding type registration ntext -> org.hibernate.type.NTextType@7ae0b40f
2022-06-13 11:42:23,817 || DEBUG org.hibernate.type.BasicTypeRegistry--157 - Adding type registration blob -> org.hibernate.type.BlobType@2e0059de
2022-06-13 11:42:23,817 || DEBUG org.hibernate.type.BasicTypeRegistry--157 - Adding type registration java.sql.Blob -> org.hibernate.type.BlobType@2e0059de
2022-06-13 11:42:23,818 || DEBUG org.hibernate.type.BasicTypeRegistry--157 - Adding type registration materialized_blob -> org.hibernate.type.MaterializedBlobType@17d62131
2022-06-13 11:42:23,819 || DEBUG org.hibernate.type.BasicTypeRegistry--157 - Adding type registration clob -> org.hibernate.type.ClobType@2bc0d31
2022-06-13 11:42:23,819 || DEBUG org.hibernate.type.BasicTypeRegistry--157 - Adding type registration java.sql.Clob -> org.hibernate.type.ClobType@2bc0d31
2022-06-13 11:42:23,819 || DEBUG org.hibernate.type.BasicTypeRegistry--157 - Adding type registration nclob -> org.hibernate.type.NClobType@47a14736
2022-06-13 11:42:23,820 || DEBUG org.hibernate.type.BasicTypeRegistry--157 - Adding type registration java.sql.NClob -> org.hibernate.type.NClobType@47a14736
2022-06-13 11:42:23,820 || DEBUG org.hibernate.type.BasicTypeRegistry--157 - Adding type registration materialized_clob -> org.hibernate.type.MaterializedClobType@b56cdee
2022-06-13 11:42:23,820 || DEBUG org.hibernate.type.BasicTypeRegistry--157 - Adding type registration materialized_nclob -> org.hibernate.type.MaterializedNClobType@44fbf182
2022-06-13 11:42:23,821 || DEBUG org.hibernate.type.BasicTypeRegistry--157 - Adding type registration serializable -> org.hibernate.type.SerializableType@72ee864
2022-06-13 11:42:23,823 || DEBUG org.hibernate.type.BasicTypeRegistry--157 - Adding type registration object -> org.hibernate.type.ObjectType@30fb9570
2022-06-13 11:42:23,823 || DEBUG org.hibernate.type.BasicTypeRegistry--157 - Adding type registration java.lang.Object -> org.hibernate.type.ObjectType@30fb9570
2022-06-13 11:42:23,823 || DEBUG org.hibernate.type.BasicTypeRegistry--157 - Adding type registration imm_date -> org.hibernate.type.AdaptedImmutableType@40c1e37c
2022-06-13 11:42:23,823 || DEBUG org.hibernate.type.BasicTypeRegistry--157 - Adding type registration imm_time -> org.hibernate.type.AdaptedImmutableType@2964ea99
2022-06-13 11:42:23,824 || DEBUG org.hibernate.type.BasicTypeRegistry--157 - Adding type registration imm_timestamp -> org.hibernate.type.AdaptedImmutableType@6ffff2a7
2022-06-13 11:42:23,824 || DEBUG org.hibernate.type.BasicTypeRegistry--157 - Adding type registration imm_dbtimestamp -> org.hibernate.type.AdaptedImmutableType@2e5f9ddd
2022-06-13 11:42:23,824 || DEBUG org.hibernate.type.BasicTypeRegistry--157 - Adding type registration imm_calendar -> org.hibernate.type.AdaptedImmutableType@614a4169
2022-06-13 11:42:23,824 || DEBUG org.hibernate.type.BasicTypeRegistry--157 - Adding type registration imm_calendar_date -> org.hibernate.type.AdaptedImmutableType@6ff44ffb
2022-06-13 11:42:23,824 || DEBUG org.hibernate.type.BasicTypeRegistry--157 - Adding type registration imm_binary -> org.hibernate.type.AdaptedImmutableType@7f8ee268
2022-06-13 11:42:23,824 || DEBUG org.hibernate.type.BasicTypeRegistry--157 - Adding type registration imm_serializable -> org.hibernate.type.AdaptedImmutableType@2ded2931
2022-06-13 11:42:23,829 || DEBUG o.h.b.internal.BootstrapContextImpl--259 - Injecting JPA temp ClassLoader [org.springframework.instrument.classloading.SimpleThrowawayClassLoader@88795f3] into BootstrapContext; was [null]
2022-06-13 11:42:23,829 || DEBUG o.h.b.internal.ClassLoaderAccessImpl--45 - ClassLoaderAccessImpl#injectTempClassLoader(org.springframework.instrument.classloading.SimpleThrowawayClassLoader@88795f3) [was null]
2022-06-13 11:42:23,830 || DEBUG o.h.b.internal.BootstrapContextImpl--269 - Injecting ScanEnvironment [org.hibernate.jpa.boot.internal.StandardJpaScanEnvironmentImpl@340910c1] into BootstrapContext; was [null]
2022-06-13 11:42:23,830 || DEBUG o.h.b.internal.BootstrapContextImpl--264 - Injecting ScanOptions [org.hibernate.boot.archive.scan.internal.StandardScanOptions@3cdc282e] into BootstrapContext; was [org.hibernate.boot.archive.scan.internal.StandardScanOptions@7f91acf3]
2022-06-13 11:42:23,838 || DEBUG o.h.b.internal.BootstrapContextImpl--259 - Injecting JPA temp ClassLoader [null] into BootstrapContext; was [org.springframework.instrument.classloading.SimpleThrowawayClassLoader@88795f3]
2022-06-13 11:42:23,838 || DEBUG o.h.b.internal.ClassLoaderAccessImpl--45 - ClassLoaderAccessImpl#injectTempClassLoader(null) [was org.springframework.instrument.classloading.SimpleThrowawayClassLoader@88795f3]
2022-06-13 11:42:23,843 || DEBUG o.h.i.f.i.DefaultIdentifierGeneratorFactory--98 - Registering IdentifierGenerator strategy [uuid2] -> [org.hibernate.id.UUIDGenerator]
2022-06-13 11:42:23,843 || DEBUG o.h.i.f.i.DefaultIdentifierGeneratorFactory--98 - Registering IdentifierGenerator strategy [guid] -> [org.hibernate.id.GUIDGenerator]
2022-06-13 11:42:23,844 || DEBUG o.h.i.f.i.DefaultIdentifierGeneratorFactory--98 - Registering IdentifierGenerator strategy [uuid] -> [org.hibernate.id.UUIDHexGenerator]
2022-06-13 11:42:23,844 || DEBUG o.h.i.f.i.DefaultIdentifierGeneratorFactory--98 - Registering IdentifierGenerator strategy [uuid.hex] -> [org.hibernate.id.UUIDHexGenerator]
2022-06-13 11:42:23,844 || DEBUG o.h.i.f.i.DefaultIdentifierGeneratorFactory--98 - Registering IdentifierGenerator strategy [assigned] -> [org.hibernate.id.Assigned]
2022-06-13 11:42:23,845 || DEBUG o.h.i.f.i.DefaultIdentifierGeneratorFactory--98 - Registering IdentifierGenerator strategy [identity] -> [org.hibernate.id.IdentityGenerator]
2022-06-13 11:42:23,845 || DEBUG o.h.i.f.i.DefaultIdentifierGeneratorFactory--98 - Registering IdentifierGenerator strategy [select] -> [org.hibernate.id.SelectGenerator]
2022-06-13 11:42:23,846 || DEBUG o.h.i.f.i.DefaultIdentifierGeneratorFactory--98 - Registering IdentifierGenerator strategy [sequence] -> [org.hibernate.id.enhanced.SequenceStyleGenerator]
2022-06-13 11:42:23,846 || DEBUG o.h.i.f.i.DefaultIdentifierGeneratorFactory--98 - Registering IdentifierGenerator strategy [seqhilo] -> [org.hibernate.id.SequenceHiLoGenerator]
2022-06-13 11:42:23,847 || DEBUG o.h.i.f.i.DefaultIdentifierGeneratorFactory--98 - Registering IdentifierGenerator strategy [increment] -> [org.hibernate.id.IncrementGenerator]
2022-06-13 11:42:23,847 || DEBUG o.h.i.f.i.DefaultIdentifierGeneratorFactory--98 - Registering IdentifierGenerator strategy [foreign] -> [org.hibernate.id.ForeignGenerator]
2022-06-13 11:42:23,847 || DEBUG o.h.i.f.i.DefaultIdentifierGeneratorFactory--98 - Registering IdentifierGenerator strategy [sequence-identity] -> [org.hibernate.id.SequenceIdentityGenerator]
2022-06-13 11:42:23,848 || DEBUG o.h.i.f.i.DefaultIdentifierGeneratorFactory--98 - Registering IdentifierGenerator strategy [enhanced-sequence] -> [org.hibernate.id.enhanced.SequenceStyleGenerator]
2022-06-13 11:42:23,848 || DEBUG o.h.i.f.i.DefaultIdentifierGeneratorFactory--98 - Registering IdentifierGenerator strategy [enhanced-table] -> [org.hibernate.id.enhanced.TableGenerator]
2022-06-13 11:42:24,101 || DEBUG o.h.e.j.e.i.JdbcEnvironmentInitiator--72 - Database ->
       name : MySQL
    version : 8.0.26
      major : 8
      minor : 0
2022-06-13 11:42:24,101 || DEBUG o.h.e.j.e.i.JdbcEnvironmentInitiator--83 - Driver ->
       name : MySQL Connector/J
    version : mysql-connector-java-8.0.28 (Revision: 7ff2161da3899f379fb3171b6538b191b1c5c7e2)
      major : 8
      minor : 0
2022-06-13 11:42:24,101 || DEBUG o.h.e.j.e.i.JdbcEnvironmentInitiator--389 - JDBC version : 4.2
2022-06-13 11:42:24,107 || INFO  org.hibernate.dialect.Dialect--175 - HHH000400: Using dialect: org.hibernate.dialect.MySQL5Dialect
2022-06-13 11:42:24,116 || DEBUG o.h.e.j.e.s.IdentifierHelperBuilder--119 - JDBC driver metadata reported database stores quoted identifiers in more than one case
2022-06-13 11:42:24,116 || DEBUG o.h.e.j.e.s.IdentifierHelperBuilder--197 - IdentifierCaseStrategy for both quoted and unquoted identifiers was set to the same strategy [MIXED]; that will likely lead to problems in schema update and validation if using quoted identifiers
2022-06-13 11:42:24,127 || DEBUG o.h.i.f.i.DefaultIdentifierGeneratorFactory--98 - Registering IdentifierGenerator strategy [sequence] -> [org.hibernate.id.SequenceGenerator]
2022-06-13 11:42:24,127 || DEBUG o.h.i.f.i.DefaultIdentifierGeneratorFactory--101 -     - overriding [org.hibernate.id.enhanced.SequenceStyleGenerator]
2022-06-13 11:42:24,131 || DEBUG o.h.type.spi.TypeConfiguration$Scope--149 - Scoping TypeConfiguration [org.hibernate.type.spi.TypeConfiguration@57729d97] to MetadataBuildingContext [org.hibernate.boot.internal.MetadataBuildingContextRootImpl@6d4cad93]
2022-06-13 11:42:24,139 || DEBUG o.h.boot.model.relational.Namespace--51 - Created database namespace [logicalName=Name{catalog=null, schema=null}, physicalName=Name{catalog=null, schema=null}]
2022-06-13 11:42:24,145 || DEBUG org.hibernate.cfg.AnnotationBinder--547 - Binding entity from annotated class: it.f2informatica.questionari.domain.Domande
2022-06-13 11:42:24,157 || DEBUG org.hibernate.cfg.Ejb3Column--227 - Binding column: Ejb3DiscriminatorColumn{logicalColumnName'DTYPE', discriminatorTypeName='string'}
2022-06-13 11:42:24,161 || DEBUG o.h.cfg.annotations.EntityBinder--431 - Import with entity name Domande
2022-06-13 11:42:24,163 || DEBUG o.h.cfg.annotations.EntityBinder--874 - Bind entity it.f2informatica.questionari.domain.Domande on table domande
2022-06-13 11:42:24,177 || DEBUG org.hibernate.cfg.Ejb3Column--227 - Binding column: Ejb3Column{table=org.hibernate.mapping.Table(domande), mappingColumn=id_domanda, insertable=true, updatable=true, unique=false}
2022-06-13 11:42:24,178 || DEBUG o.h.b.internal.ClassLoaderAccessImpl--60 - Not known whether passed class name [it.f2informatica.questionari.domain.Domande] is safe
2022-06-13 11:42:24,178 || DEBUG o.h.b.internal.ClassLoaderAccessImpl--62 - No temp ClassLoader provided; using live ClassLoader for loading potentially unsafe class : it.f2informatica.questionari.domain.Domande
2022-06-13 11:42:24,179 || DEBUG o.h.cfg.annotations.PropertyBinder--175 - MetadataSourceProcessor property id_domanda with lazy=false
2022-06-13 11:42:24,180 || DEBUG o.h.cfg.AbstractPropertyHolder--94 - Attempting to locate auto-apply AttributeConverter for property [it.f2informatica.questionari.domain.Domande:id_domanda]
2022-06-13 11:42:24,181 || DEBUG o.h.c.annotations.SimpleValueBinder--410 - building SimpleValue for id_domanda
2022-06-13 11:42:24,183 || DEBUG o.h.cfg.annotations.PropertyBinder--266 - Building property id_domanda
2022-06-13 11:42:24,186 || DEBUG org.hibernate.cfg.BinderHelper--514 - #makeIdGenerator(org.hibernate.mapping.SimpleValue([org.hibernate.mapping.Column(id_domanda)]), id_domanda, native, , ...)
2022-06-13 11:42:24,186 || DEBUG org.hibernate.cfg.Ejb3Column--227 - Binding column: Ejb3Column{table=org.hibernate.mapping.Table(domande), mappingColumn=domanda, insertable=true, updatable=true, unique=false}
2022-06-13 11:42:24,187 || DEBUG o.h.cfg.annotations.PropertyBinder--175 - MetadataSourceProcessor property domanda with lazy=false
2022-06-13 11:42:24,187 || DEBUG o.h.cfg.AbstractPropertyHolder--94 - Attempting to locate auto-apply AttributeConverter for property [it.f2informatica.questionari.domain.Domande:domanda]
2022-06-13 11:42:24,187 || DEBUG o.h.c.annotations.SimpleValueBinder--410 - building SimpleValue for domanda
2022-06-13 11:42:24,187 || DEBUG o.h.cfg.annotations.PropertyBinder--266 - Building property domanda
2022-06-13 11:42:24,188 || DEBUG org.hibernate.cfg.Ejb3Column--227 - Binding column: Ejb3Column{table=org.hibernate.mapping.Table(domande), mappingColumn=punteggio, insertable=true, updatable=true, unique=false}
2022-06-13 11:42:24,188 || DEBUG o.h.cfg.annotations.PropertyBinder--175 - MetadataSourceProcessor property punteggio with lazy=false
2022-06-13 11:42:24,188 || DEBUG o.h.cfg.AbstractPropertyHolder--94 - Attempting to locate auto-apply AttributeConverter for property [it.f2informatica.questionari.domain.Domande:punteggio]
2022-06-13 11:42:24,188 || DEBUG o.h.c.annotations.SimpleValueBinder--410 - building SimpleValue for punteggio
2022-06-13 11:42:24,188 || DEBUG o.h.cfg.annotations.PropertyBinder--266 - Building property punteggio
2022-06-13 11:42:24,188 || DEBUG org.hibernate.cfg.Ejb3Column--227 - Binding column: Ejb3Column{table=org.hibernate.mapping.Table(domande), mappingColumn=questionario, insertable=true, updatable=true, unique=false}
2022-06-13 11:42:24,188 || DEBUG o.h.cfg.annotations.PropertyBinder--175 - MetadataSourceProcessor property questionario with lazy=false
2022-06-13 11:42:24,188 || DEBUG o.h.cfg.AbstractPropertyHolder--94 - Attempting to locate auto-apply AttributeConverter for property [it.f2informatica.questionari.domain.Domande:questionario]
2022-06-13 11:42:24,189 || DEBUG o.h.c.annotations.SimpleValueBinder--410 - building SimpleValue for questionario
2022-06-13 11:42:24,189 || DEBUG o.h.cfg.annotations.PropertyBinder--266 - Building property questionario
2022-06-13 11:42:24,189 || DEBUG org.hibernate.cfg.Ejb3Column--227 - Binding column: Ejb3Column{table=org.hibernate.mapping.Table(domande), mappingColumn=ris_due, insertable=true, updatable=true, unique=false}
2022-06-13 11:42:24,189 || DEBUG o.h.cfg.annotations.PropertyBinder--175 - MetadataSourceProcessor property ris_due with lazy=false
2022-06-13 11:42:24,189 || DEBUG o.h.cfg.AbstractPropertyHolder--94 - Attempting to locate auto-apply AttributeConverter for property [it.f2informatica.questionari.domain.Domande:ris_due]
2022-06-13 11:42:24,189 || DEBUG o.h.c.annotations.SimpleValueBinder--410 - building SimpleValue for ris_due
2022-06-13 11:42:24,189 || DEBUG o.h.cfg.annotations.PropertyBinder--266 - Building property ris_due
2022-06-13 11:42:24,189 || DEBUG org.hibernate.cfg.Ejb3Column--227 - Binding column: Ejb3Column{table=org.hibernate.mapping.Table(domande), mappingColumn=ris_giusta, insertable=true, updatable=true, unique=false}
2022-06-13 11:42:24,189 || DEBUG o.h.cfg.annotations.PropertyBinder--175 - MetadataSourceProcessor property ris_giusta with lazy=false
2022-06-13 11:42:24,190 || DEBUG o.h.cfg.AbstractPropertyHolder--94 - Attempting to locate auto-apply AttributeConverter for property [it.f2informatica.questionari.domain.Domande:ris_giusta]
2022-06-13 11:42:24,190 || DEBUG o.h.c.annotations.SimpleValueBinder--410 - building SimpleValue for ris_giusta
2022-06-13 11:42:24,190 || DEBUG o.h.cfg.annotations.PropertyBinder--266 - Building property ris_giusta
2022-06-13 11:42:24,190 || DEBUG org.hibernate.cfg.Ejb3Column--227 - Binding column: Ejb3Column{table=org.hibernate.mapping.Table(domande), mappingColumn=ris_tre, insertable=true, updatable=true, unique=false}
2022-06-13 11:42:24,190 || DEBUG o.h.cfg.annotations.PropertyBinder--175 - MetadataSourceProcessor property ris_tre with lazy=false
2022-06-13 11:42:24,190 || DEBUG o.h.cfg.AbstractPropertyHolder--94 - Attempting to locate auto-apply AttributeConverter for property [it.f2informatica.questionari.domain.Domande:ris_tre]
2022-06-13 11:42:24,190 || DEBUG o.h.c.annotations.SimpleValueBinder--410 - building SimpleValue for ris_tre
2022-06-13 11:42:24,190 || DEBUG o.h.cfg.annotations.PropertyBinder--266 - Building property ris_tre
2022-06-13 11:42:24,190 || DEBUG org.hibernate.cfg.Ejb3Column--227 - Binding column: Ejb3Column{table=org.hibernate.mapping.Table(domande), mappingColumn=ris_uno, insertable=true, updatable=true, unique=false}
2022-06-13 11:42:24,191 || DEBUG o.h.cfg.annotations.PropertyBinder--175 - MetadataSourceProcessor property ris_uno with lazy=false
2022-06-13 11:42:24,191 || DEBUG o.h.cfg.AbstractPropertyHolder--94 - Attempting to locate auto-apply AttributeConverter for property [it.f2informatica.questionari.domain.Domande:ris_uno]
2022-06-13 11:42:24,191 || DEBUG o.h.c.annotations.SimpleValueBinder--410 - building SimpleValue for ris_uno
2022-06-13 11:42:24,191 || DEBUG o.h.cfg.annotations.PropertyBinder--266 - Building property ris_uno
2022-06-13 11:42:24,195 || DEBUG org.hibernate.cfg.AnnotationBinder--547 - Binding entity from annotated class: it.f2informatica.questionari.domain.Questionario
2022-06-13 11:42:24,195 || DEBUG org.hibernate.cfg.Ejb3Column--227 - Binding column: Ejb3DiscriminatorColumn{logicalColumnName'DTYPE', discriminatorTypeName='string'}
2022-06-13 11:42:24,195 || DEBUG o.h.cfg.annotations.EntityBinder--431 - Import with entity name Questionario
2022-06-13 11:42:24,195 || DEBUG o.h.cfg.annotations.EntityBinder--874 - Bind entity it.f2informatica.questionari.domain.Questionario on table questionario
2022-06-13 11:42:24,196 || DEBUG org.hibernate.cfg.Ejb3Column--227 - Binding column: Ejb3Column{table=org.hibernate.mapping.Table(questionario), mappingColumn=id_questionario, insertable=true, updatable=true, unique=false}
2022-06-13 11:42:24,196 || DEBUG o.h.b.internal.ClassLoaderAccessImpl--60 - Not known whether passed class name [it.f2informatica.questionari.domain.Questionario] is safe
2022-06-13 11:42:24,196 || DEBUG o.h.b.internal.ClassLoaderAccessImpl--62 - No temp ClassLoader provided; using live ClassLoader for loading potentially unsafe class : it.f2informatica.questionari.domain.Questionario
2022-06-13 11:42:24,196 || DEBUG o.h.cfg.annotations.PropertyBinder--175 - MetadataSourceProcessor property id_questionario with lazy=false
2022-06-13 11:42:24,196 || DEBUG o.h.cfg.AbstractPropertyHolder--94 - Attempting to locate auto-apply AttributeConverter for property [it.f2informatica.questionari.domain.Questionario:id_questionario]
2022-06-13 11:42:24,196 || DEBUG o.h.c.annotations.SimpleValueBinder--410 - building SimpleValue for id_questionario
2022-06-13 11:42:24,196 || DEBUG o.h.cfg.annotations.PropertyBinder--266 - Building property id_questionario
2022-06-13 11:42:24,196 || DEBUG org.hibernate.cfg.BinderHelper--514 - #makeIdGenerator(org.hibernate.mapping.SimpleValue([org.hibernate.mapping.Column(id_questionario)]), id_questionario, native, , ...)
2022-06-13 11:42:24,197 || DEBUG org.hibernate.cfg.Ejb3Column--227 - Binding column: Ejb3Column{table=org.hibernate.mapping.Table(questionario), mappingColumn=descrizione, insertable=true, updatable=true, unique=false}
2022-06-13 11:42:24,197 || DEBUG o.h.cfg.annotations.PropertyBinder--175 - MetadataSourceProcessor property descrizione with lazy=false
2022-06-13 11:42:24,197 || DEBUG o.h.cfg.AbstractPropertyHolder--94 - Attempting to locate auto-apply AttributeConverter for property [it.f2informatica.questionari.domain.Questionario:descrizione]
2022-06-13 11:42:24,197 || DEBUG o.h.c.annotations.SimpleValueBinder--410 - building SimpleValue for descrizione
2022-06-13 11:42:24,197 || DEBUG o.h.cfg.annotations.PropertyBinder--266 - Building property descrizione
2022-06-13 11:42:24,197 || DEBUG org.hibernate.cfg.Ejb3Column--227 - Binding column: Ejb3Column{table=org.hibernate.mapping.Table(questionario), mappingColumn=docente, insertable=true, updatable=true, unique=false}
2022-06-13 11:42:24,197 || DEBUG o.h.cfg.annotations.PropertyBinder--175 - MetadataSourceProcessor property docente with lazy=false
2022-06-13 11:42:24,197 || DEBUG o.h.cfg.AbstractPropertyHolder--94 - Attempting to locate auto-apply AttributeConverter for property [it.f2informatica.questionari.domain.Questionario:docente]
2022-06-13 11:42:24,197 || DEBUG o.h.c.annotations.SimpleValueBinder--410 - building SimpleValue for docente
2022-06-13 11:42:24,198 || DEBUG o.h.cfg.annotations.PropertyBinder--266 - Building property docente
2022-06-13 11:42:24,199 || DEBUG org.hibernate.cfg.Ejb3Column--227 - Binding column: Ejb3Column{table=org.hibernate.mapping.Table(questionario), mappingColumn=titolo, insertable=true, updatable=true, unique=false}
2022-06-13 11:42:24,199 || DEBUG o.h.cfg.annotations.PropertyBinder--175 - MetadataSourceProcessor property titolo with lazy=false
2022-06-13 11:42:24,199 || DEBUG o.h.cfg.AbstractPropertyHolder--94 - Attempting to locate auto-apply AttributeConverter for property [it.f2informatica.questionari.domain.Questionario:titolo]
2022-06-13 11:42:24,199 || DEBUG o.h.c.annotations.SimpleValueBinder--410 - building SimpleValue for titolo
2022-06-13 11:42:24,199 || DEBUG o.h.cfg.annotations.PropertyBinder--266 - Building property titolo
2022-06-13 11:42:24,200 || DEBUG org.hibernate.cfg.AnnotationBinder--547 - Binding entity from annotated class: it.f2informatica.questionari.domain.QuestionarioUtente
2022-06-13 11:42:24,200 || DEBUG org.hibernate.cfg.Ejb3Column--227 - Binding column: Ejb3DiscriminatorColumn{logicalColumnName'DTYPE', discriminatorTypeName='string'}
2022-06-13 11:42:24,201 || DEBUG o.h.cfg.annotations.EntityBinder--431 - Import with entity name QuestionarioUtente
2022-06-13 11:42:24,201 || DEBUG o.h.cfg.annotations.EntityBinder--874 - Bind entity it.f2informatica.questionari.domain.QuestionarioUtente on table questionario_utente
2022-06-13 11:42:24,201 || DEBUG org.hibernate.cfg.Ejb3Column--227 - Binding column: Ejb3Column{table=org.hibernate.mapping.Table(questionario_utente), mappingColumn=questionario, insertable=true, updatable=true, unique=false}
2022-06-13 11:42:24,201 || DEBUG o.h.b.internal.ClassLoaderAccessImpl--60 - Not known whether passed class name [it.f2informatica.questionari.domain.QuestionarioUtente] is safe
2022-06-13 11:42:24,201 || DEBUG o.h.b.internal.ClassLoaderAccessImpl--62 - No temp ClassLoader provided; using live ClassLoader for loading potentially unsafe class : it.f2informatica.questionari.domain.QuestionarioUtente
2022-06-13 11:42:24,202 || DEBUG o.h.cfg.annotations.PropertyBinder--175 - MetadataSourceProcessor property questionario with lazy=false
2022-06-13 11:42:24,202 || DEBUG o.h.cfg.AbstractPropertyHolder--94 - Attempting to locate auto-apply AttributeConverter for property [it.f2informatica.questionari.domain.QuestionarioUtente:questionario]
2022-06-13 11:42:24,202 || DEBUG o.h.c.annotations.SimpleValueBinder--410 - building SimpleValue for questionario
2022-06-13 11:42:24,202 || DEBUG o.h.cfg.annotations.PropertyBinder--266 - Building property questionario
2022-06-13 11:42:24,202 || DEBUG org.hibernate.cfg.BinderHelper--514 - #makeIdGenerator(org.hibernate.mapping.SimpleValue([org.hibernate.mapping.Column(questionario)]), questionario, native, , ...)
2022-06-13 11:42:24,202 || DEBUG org.hibernate.cfg.Ejb3Column--227 - Binding column: Ejb3Column{table=org.hibernate.mapping.Table(questionario_utente), mappingColumn=punteggio, insertable=true, updatable=true, unique=false}
2022-06-13 11:42:24,202 || DEBUG o.h.cfg.annotations.PropertyBinder--175 - MetadataSourceProcessor property punteggio with lazy=false
2022-06-13 11:42:24,202 || DEBUG o.h.cfg.AbstractPropertyHolder--94 - Attempting to locate auto-apply AttributeConverter for property [it.f2informatica.questionari.domain.QuestionarioUtente:punteggio]
2022-06-13 11:42:24,202 || DEBUG o.h.c.annotations.SimpleValueBinder--410 - building SimpleValue for punteggio
2022-06-13 11:42:24,203 || DEBUG o.h.cfg.annotations.PropertyBinder--266 - Building property punteggio
2022-06-13 11:42:24,203 || DEBUG org.hibernate.cfg.Ejb3Column--227 - Binding column: Ejb3Column{table=org.hibernate.mapping.Table(questionario_utente), mappingColumn=utente, insertable=true, updatable=true, unique=false}
2022-06-13 11:42:24,203 || DEBUG o.h.cfg.annotations.PropertyBinder--175 - MetadataSourceProcessor property utente with lazy=false
2022-06-13 11:42:24,203 || DEBUG o.h.cfg.AbstractPropertyHolder--94 - Attempting to locate auto-apply AttributeConverter for property [it.f2informatica.questionari.domain.QuestionarioUtente:utente]
2022-06-13 11:42:24,203 || DEBUG o.h.c.annotations.SimpleValueBinder--410 - building SimpleValue for utente
2022-06-13 11:42:24,203 || DEBUG o.h.cfg.annotations.PropertyBinder--266 - Building property utente
2022-06-13 11:42:24,203 || DEBUG org.hibernate.cfg.AnnotationBinder--547 - Binding entity from annotated class: it.f2informatica.questionari.domain.RisposteUtente
2022-06-13 11:42:24,204 || DEBUG org.hibernate.cfg.Ejb3Column--227 - Binding column: Ejb3DiscriminatorColumn{logicalColumnName'DTYPE', discriminatorTypeName='string'}
2022-06-13 11:42:24,204 || DEBUG o.h.cfg.annotations.EntityBinder--431 - Import with entity name RisposteUtente
2022-06-13 11:42:24,204 || DEBUG o.h.cfg.annotations.EntityBinder--874 - Bind entity it.f2informatica.questionari.domain.RisposteUtente on table risposte_utente
2022-06-13 11:42:24,204 || DEBUG org.hibernate.cfg.Ejb3Column--227 - Binding column: Ejb3Column{table=org.hibernate.mapping.Table(risposte_utente), mappingColumn=risposta, insertable=true, updatable=true, unique=false}
2022-06-13 11:42:24,204 || DEBUG o.h.b.internal.ClassLoaderAccessImpl--60 - Not known whether passed class name [it.f2informatica.questionari.domain.RisposteUtente] is safe
2022-06-13 11:42:24,204 || DEBUG o.h.b.internal.ClassLoaderAccessImpl--62 - No temp ClassLoader provided; using live ClassLoader for loading potentially unsafe class : it.f2informatica.questionari.domain.RisposteUtente
2022-06-13 11:42:24,205 || DEBUG o.h.cfg.annotations.PropertyBinder--175 - MetadataSourceProcessor property risposta with lazy=false
2022-06-13 11:42:24,205 || DEBUG o.h.cfg.AbstractPropertyHolder--94 - Attempting to locate auto-apply AttributeConverter for property [it.f2informatica.questionari.domain.RisposteUtente:risposta]
2022-06-13 11:42:24,205 || DEBUG o.h.c.annotations.SimpleValueBinder--410 - building SimpleValue for risposta
2022-06-13 11:42:24,205 || DEBUG o.h.cfg.annotations.PropertyBinder--266 - Building property risposta
2022-06-13 11:42:24,205 || DEBUG org.hibernate.cfg.BinderHelper--514 - #makeIdGenerator(org.hibernate.mapping.SimpleValue([org.hibernate.mapping.Column(risposta)]), risposta, native, , ...)
2022-06-13 11:42:24,205 || DEBUG org.hibernate.cfg.Ejb3Column--227 - Binding column: Ejb3Column{table=org.hibernate.mapping.Table(risposte_utente), mappingColumn=domanda, insertable=true, updatable=true, unique=false}
2022-06-13 11:42:24,205 || DEBUG o.h.cfg.annotations.PropertyBinder--175 - MetadataSourceProcessor property domanda with lazy=false
2022-06-13 11:42:24,205 || DEBUG o.h.cfg.AbstractPropertyHolder--94 - Attempting to locate auto-apply AttributeConverter for property [it.f2informatica.questionari.domain.RisposteUtente:domanda]
2022-06-13 11:42:24,205 || DEBUG o.h.c.annotations.SimpleValueBinder--410 - building SimpleValue for domanda
2022-06-13 11:42:24,206 || DEBUG o.h.cfg.annotations.PropertyBinder--266 - Building property domanda
2022-06-13 11:42:24,206 || DEBUG org.hibernate.cfg.Ejb3Column--227 - Binding column: Ejb3Column{table=org.hibernate.mapping.Table(risposte_utente), mappingColumn=id_utente, insertable=true, updatable=true, unique=false}
2022-06-13 11:42:24,206 || DEBUG o.h.cfg.annotations.PropertyBinder--175 - MetadataSourceProcessor property id_utente with lazy=false
2022-06-13 11:42:24,206 || DEBUG o.h.cfg.AbstractPropertyHolder--94 - Attempting to locate auto-apply AttributeConverter for property [it.f2informatica.questionari.domain.RisposteUtente:id_utente]
2022-06-13 11:42:24,206 || DEBUG o.h.c.annotations.SimpleValueBinder--410 - building SimpleValue for id_utente
2022-06-13 11:42:24,206 || DEBUG o.h.cfg.annotations.PropertyBinder--266 - Building property id_utente
2022-06-13 11:42:24,206 || DEBUG org.hibernate.cfg.AnnotationBinder--547 - Binding entity from annotated class: it.f2informatica.questionari.domain.Utente
2022-06-13 11:42:24,207 || DEBUG org.hibernate.cfg.Ejb3Column--227 - Binding column: Ejb3DiscriminatorColumn{logicalColumnName'DTYPE', discriminatorTypeName='string'}
2022-06-13 11:42:24,207 || DEBUG o.h.cfg.annotations.EntityBinder--431 - Import with entity name Utente
2022-06-13 11:42:24,207 || DEBUG o.h.cfg.annotations.EntityBinder--874 - Bind entity it.f2informatica.questionari.domain.Utente on table utente
2022-06-13 11:42:24,207 || DEBUG org.hibernate.cfg.Ejb3Column--227 - Binding column: Ejb3Column{table=org.hibernate.mapping.Table(utente), mappingColumn=id_utente, insertable=true, updatable=true, unique=false}
2022-06-13 11:42:24,208 || DEBUG o.h.b.internal.ClassLoaderAccessImpl--60 - Not known whether passed class name [it.f2informatica.questionari.domain.Utente] is safe
2022-06-13 11:42:24,208 || DEBUG o.h.b.internal.ClassLoaderAccessImpl--62 - No temp ClassLoader provided; using live ClassLoader for loading potentially unsafe class : it.f2informatica.questionari.domain.Utente
2022-06-13 11:42:24,208 || DEBUG o.h.cfg.annotations.PropertyBinder--175 - MetadataSourceProcessor property id_utente with lazy=false
2022-06-13 11:42:24,208 || DEBUG o.h.cfg.AbstractPropertyHolder--94 - Attempting to locate auto-apply AttributeConverter for property [it.f2informatica.questionari.domain.Utente:id_utente]
2022-06-13 11:42:24,208 || DEBUG o.h.c.annotations.SimpleValueBinder--410 - building SimpleValue for id_utente
2022-06-13 11:42:24,208 || DEBUG o.h.cfg.annotations.PropertyBinder--266 - Building property id_utente
2022-06-13 11:42:24,208 || DEBUG org.hibernate.cfg.BinderHelper--514 - #makeIdGenerator(org.hibernate.mapping.SimpleValue([org.hibernate.mapping.Column(id_utente)]), id_utente, identity, , ...)
2022-06-13 11:42:24,208 || DEBUG org.hibernate.cfg.Ejb3Column--227 - Binding column: Ejb3Column{table=org.hibernate.mapping.Table(utente), mappingColumn=cognome, insertable=true, updatable=true, unique=false}
2022-06-13 11:42:24,208 || DEBUG o.h.cfg.annotations.PropertyBinder--175 - MetadataSourceProcessor property cognome with lazy=false
2022-06-13 11:42:24,208 || DEBUG o.h.cfg.AbstractPropertyHolder--94 - Attempting to locate auto-apply AttributeConverter for property [it.f2informatica.questionari.domain.Utente:cognome]
2022-06-13 11:42:24,209 || DEBUG o.h.c.annotations.SimpleValueBinder--410 - building SimpleValue for cognome
2022-06-13 11:42:24,209 || DEBUG o.h.cfg.annotations.PropertyBinder--266 - Building property cognome
2022-06-13 11:42:24,209 || DEBUG org.hibernate.cfg.Ejb3Column--227 - Binding column: Ejb3Column{table=org.hibernate.mapping.Table(utente), mappingColumn=email, insertable=true, updatable=true, unique=false}
2022-06-13 11:42:24,209 || DEBUG o.h.cfg.annotations.PropertyBinder--175 - MetadataSourceProcessor property email with lazy=false
2022-06-13 11:42:24,209 || DEBUG o.h.cfg.AbstractPropertyHolder--94 - Attempting to locate auto-apply AttributeConverter for property [it.f2informatica.questionari.domain.Utente:email]
2022-06-13 11:42:24,209 || DEBUG o.h.c.annotations.SimpleValueBinder--410 - building SimpleValue for email
2022-06-13 11:42:24,209 || DEBUG o.h.cfg.annotations.PropertyBinder--266 - Building property email
2022-06-13 11:42:24,209 || DEBUG org.hibernate.cfg.Ejb3Column--227 - Binding column: Ejb3Column{table=org.hibernate.mapping.Table(utente), mappingColumn=nome, insertable=true, updatable=true, unique=false}
2022-06-13 11:42:24,209 || DEBUG o.h.cfg.annotations.PropertyBinder--175 - MetadataSourceProcessor property nome with lazy=false
2022-06-13 11:42:24,210 || DEBUG o.h.cfg.AbstractPropertyHolder--94 - Attempting to locate auto-apply AttributeConverter for property [it.f2informatica.questionari.domain.Utente:nome]
2022-06-13 11:42:24,210 || DEBUG o.h.c.annotations.SimpleValueBinder--410 - building SimpleValue for nome
2022-06-13 11:42:24,210 || DEBUG o.h.cfg.annotations.PropertyBinder--266 - Building property nome
2022-06-13 11:42:24,210 || DEBUG org.hibernate.cfg.Ejb3Column--227 - Binding column: Ejb3Column{table=org.hibernate.mapping.Table(utente), mappingColumn=password, insertable=true, updatable=true, unique=false}
2022-06-13 11:42:24,210 || DEBUG o.h.cfg.annotations.PropertyBinder--175 - MetadataSourceProcessor property password with lazy=false
2022-06-13 11:42:24,210 || DEBUG o.h.cfg.AbstractPropertyHolder--94 - Attempting to locate auto-apply AttributeConverter for property [it.f2informatica.questionari.domain.Utente:password]
2022-06-13 11:42:24,210 || DEBUG o.h.c.annotations.SimpleValueBinder--410 - building SimpleValue for password
2022-06-13 11:42:24,210 || DEBUG o.h.cfg.annotations.PropertyBinder--266 - Building property password
2022-06-13 11:42:24,210 || DEBUG org.hibernate.cfg.Ejb3Column--227 - Binding column: Ejb3Column{table=org.hibernate.mapping.Table(utente), mappingColumn=ruolo, insertable=true, updatable=true, unique=false}
2022-06-13 11:42:24,210 || DEBUG o.h.cfg.annotations.PropertyBinder--175 - MetadataSourceProcessor property ruolo with lazy=false
2022-06-13 11:42:24,211 || DEBUG o.h.cfg.AbstractPropertyHolder--94 - Attempting to locate auto-apply AttributeConverter for property [it.f2informatica.questionari.domain.Utente:ruolo]
2022-06-13 11:42:24,211 || DEBUG o.h.c.annotations.SimpleValueBinder--410 - building SimpleValue for ruolo
2022-06-13 11:42:24,211 || DEBUG o.h.cfg.annotations.PropertyBinder--266 - Building property ruolo
2022-06-13 11:42:24,212 || DEBUG o.h.c.annotations.SimpleValueBinder--455 - Starting fillSimpleValue for id_domanda
2022-06-13 11:42:24,213 || DEBUG o.h.c.annotations.SimpleValueBinder--455 - Starting fillSimpleValue for domanda
2022-06-13 11:42:24,213 || DEBUG o.h.c.annotations.SimpleValueBinder--455 - Starting fillSimpleValue for punteggio
2022-06-13 11:42:24,213 || DEBUG o.h.c.annotations.SimpleValueBinder--455 - Starting fillSimpleValue for questionario
2022-06-13 11:42:24,213 || DEBUG o.h.c.annotations.SimpleValueBinder--455 - Starting fillSimpleValue for ris_due
2022-06-13 11:42:24,213 || DEBUG o.h.c.annotations.SimpleValueBinder--455 - Starting fillSimpleValue for ris_giusta
2022-06-13 11:42:24,213 || DEBUG o.h.c.annotations.SimpleValueBinder--455 - Starting fillSimpleValue for ris_tre
2022-06-13 11:42:24,213 || DEBUG o.h.c.annotations.SimpleValueBinder--455 - Starting fillSimpleValue for ris_uno
2022-06-13 11:42:24,213 || DEBUG o.h.c.annotations.SimpleValueBinder--455 - Starting fillSimpleValue for id_questionario
2022-06-13 11:42:24,213 || DEBUG o.h.c.annotations.SimpleValueBinder--455 - Starting fillSimpleValue for descrizione
2022-06-13 11:42:24,213 || DEBUG o.h.c.annotations.SimpleValueBinder--455 - Starting fillSimpleValue for docente
2022-06-13 11:42:24,213 || DEBUG o.h.c.annotations.SimpleValueBinder--455 - Starting fillSimpleValue for titolo
2022-06-13 11:42:24,213 || DEBUG o.h.c.annotations.SimpleValueBinder--455 - Starting fillSimpleValue for questionario
2022-06-13 11:42:24,214 || DEBUG o.h.c.annotations.SimpleValueBinder--455 - Starting fillSimpleValue for punteggio
2022-06-13 11:42:24,214 || DEBUG o.h.c.annotations.SimpleValueBinder--455 - Starting fillSimpleValue for utente
2022-06-13 11:42:24,214 || DEBUG o.h.c.annotations.SimpleValueBinder--455 - Starting fillSimpleValue for risposta
2022-06-13 11:42:24,214 || DEBUG o.h.c.annotations.SimpleValueBinder--455 - Starting fillSimpleValue for domanda
2022-06-13 11:42:24,214 || DEBUG o.h.c.annotations.SimpleValueBinder--455 - Starting fillSimpleValue for id_utente
2022-06-13 11:42:24,214 || DEBUG o.h.c.annotations.SimpleValueBinder--455 - Starting fillSimpleValue for id_utente
2022-06-13 11:42:24,214 || DEBUG o.h.c.annotations.SimpleValueBinder--455 - Starting fillSimpleValue for cognome
2022-06-13 11:42:24,214 || DEBUG o.h.c.annotations.SimpleValueBinder--455 - Starting fillSimpleValue for email
2022-06-13 11:42:24,214 || DEBUG o.h.c.annotations.SimpleValueBinder--455 - Starting fillSimpleValue for nome
2022-06-13 11:42:24,214 || DEBUG o.h.c.annotations.SimpleValueBinder--455 - Starting fillSimpleValue for password
2022-06-13 11:42:24,214 || DEBUG o.h.c.annotations.SimpleValueBinder--455 - Starting fillSimpleValue for ruolo
2022-06-13 11:42:24,215 || DEBUG org.hibernate.mapping.PrimaryKey--36 - Forcing column [id_domanda] to be non-null as it is part of the primary key for table [domande]
2022-06-13 11:42:24,215 || DEBUG org.hibernate.mapping.PrimaryKey--36 - Forcing column [id_questionario] to be non-null as it is part of the primary key for table [questionario]
2022-06-13 11:42:24,215 || DEBUG org.hibernate.mapping.PrimaryKey--36 - Forcing column [questionario] to be non-null as it is part of the primary key for table [questionario_utente]
2022-06-13 11:42:24,216 || DEBUG org.hibernate.mapping.PrimaryKey--36 - Forcing column [risposta] to be non-null as it is part of the primary key for table [risposte_utente]
2022-06-13 11:42:24,216 || DEBUG org.hibernate.mapping.PrimaryKey--36 - Forcing column [id_utente] to be non-null as it is part of the primary key for table [utente]
2022-06-13 11:42:24,241 || DEBUG o.h.internal.SessionFactoryImpl--208 - Building session factory
2022-06-13 11:42:24,241 || DEBUG org.hibernate.cfg.Settings--68 - SessionFactory name : null
2022-06-13 11:42:24,242 || DEBUG org.hibernate.cfg.Settings--69 - Automatic flush during beforeCompletion(): enabled
2022-06-13 11:42:24,242 || DEBUG org.hibernate.cfg.Settings--70 - Automatic session close at end of transaction: disabled
2022-06-13 11:42:24,242 || DEBUG org.hibernate.cfg.Settings--72 - Statistics: enabled
2022-06-13 11:42:24,242 || DEBUG org.hibernate.cfg.Settings--74 - Deleted entity synthetic identifier rollback: disabled
2022-06-13 11:42:24,242 || DEBUG org.hibernate.cfg.Settings--75 - Default entity-mode: pojo
2022-06-13 11:42:24,242 || DEBUG org.hibernate.cfg.Settings--76 - Check Nullability in Core (should be disabled when Bean Validation is on): enabled
2022-06-13 11:42:24,242 || DEBUG org.hibernate.cfg.Settings--77 - Allow initialization of lazy state outside session : disabled
2022-06-13 11:42:24,242 || DEBUG org.hibernate.cfg.Settings--79 - Using BatchFetchStyle : LEGACY
2022-06-13 11:42:24,242 || DEBUG org.hibernate.cfg.Settings--80 - Default batch fetch size: -1
2022-06-13 11:42:24,242 || DEBUG org.hibernate.cfg.Settings--81 - Maximum outer join fetch depth: 2
2022-06-13 11:42:24,242 || DEBUG org.hibernate.cfg.Settings--82 - Default null ordering: NONE
2022-06-13 11:42:24,242 || DEBUG org.hibernate.cfg.Settings--83 - Order SQL updates by primary key: disabled
2022-06-13 11:42:24,242 || DEBUG org.hibernate.cfg.Settings--84 - Order SQL inserts for batching: disabled
2022-06-13 11:42:24,243 || DEBUG org.hibernate.cfg.Settings--86 - multi-tenancy strategy : NONE
2022-06-13 11:42:24,243 || DEBUG org.hibernate.cfg.Settings--88 - JTA Track by Thread: enabled
2022-06-13 11:42:24,243 || DEBUG org.hibernate.cfg.Settings--90 - Query language substitutions: {}
2022-06-13 11:42:24,243 || DEBUG org.hibernate.cfg.Settings--91 - Named query checking : enabled
2022-06-13 11:42:24,243 || DEBUG org.hibernate.cfg.Settings--93 - Second-level cache: disabled
2022-06-13 11:42:24,243 || DEBUG org.hibernate.cfg.Settings--94 - Second-level query cache: disabled
2022-06-13 11:42:24,243 || DEBUG org.hibernate.cfg.Settings--95 - Second-level query cache factory: null
2022-06-13 11:42:24,243 || DEBUG org.hibernate.cfg.Settings--96 - Second-level cache region prefix: null
2022-06-13 11:42:24,243 || DEBUG org.hibernate.cfg.Settings--97 - Optimize second-level cache for minimal puts: disabled
2022-06-13 11:42:24,243 || DEBUG org.hibernate.cfg.Settings--98 - Structured second-level cache entries: disabled
2022-06-13 11:42:24,243 || DEBUG org.hibernate.cfg.Settings--99 - Second-level cache direct-reference entries: disabled
2022-06-13 11:42:24,243 || DEBUG org.hibernate.cfg.Settings--100 - Automatic eviction of collection cache: disabled
2022-06-13 11:42:24,243 || DEBUG org.hibernate.cfg.Settings--102 - JDBC batch size: 15
2022-06-13 11:42:24,243 || DEBUG org.hibernate.cfg.Settings--103 - JDBC batch updates for versioned data: enabled
2022-06-13 11:42:24,244 || DEBUG org.hibernate.cfg.Settings--104 - Scrollable result sets: enabled
2022-06-13 11:42:24,244 || DEBUG org.hibernate.cfg.Settings--105 - Wrap result sets: disabled
2022-06-13 11:42:24,244 || DEBUG org.hibernate.cfg.Settings--106 - JDBC3 getGeneratedKeys(): enabled
2022-06-13 11:42:24,244 || DEBUG org.hibernate.cfg.Settings--107 - JDBC result set fetch size: null
2022-06-13 11:42:24,244 || DEBUG org.hibernate.cfg.Settings--108 - Connection release mode: ON_CLOSE
2022-06-13 11:42:24,244 || DEBUG org.hibernate.cfg.Settings--109 - Generate SQL with comments: disabled
2022-06-13 11:42:24,244 || DEBUG org.hibernate.cfg.Settings--111 - JPA compliance - query : disabled
2022-06-13 11:42:24,244 || DEBUG org.hibernate.cfg.Settings--112 - JPA compliance - closed-handling : disabled
2022-06-13 11:42:24,244 || DEBUG org.hibernate.cfg.Settings--113 - JPA compliance - lists : disabled
2022-06-13 11:42:24,244 || DEBUG org.hibernate.cfg.Settings--114 - JPA compliance - transactions : disabled
2022-06-13 11:42:24,277 || DEBUG o.h.s.i.SessionFactoryServiceRegistryImpl--92 - EventListenerRegistry access via ServiceRegistry is deprecated.  Use `sessionFactory.getEventEngine().getListenerRegistry()` instead
2022-06-13 11:42:24,278 || DEBUG o.h.s.i.SessionFactoryServiceRegistryImpl--92 - EventListenerRegistry access via ServiceRegistry is deprecated.  Use `sessionFactory.getEventEngine().getListenerRegistry()` instead
2022-06-13 11:42:24,285 || DEBUG o.h.internal.SessionFactoryImpl--276 - Session factory constructed with filter configurations : {}
2022-06-13 11:42:24,285 || DEBUG o.h.internal.SessionFactoryImpl--277 - Instantiating session factory with properties: {awt.toolkit=sun.awt.X11.XToolkit, hibernate.format_sql=true, hibernate.id.new_generator_mappings=false, java.specification.version=11, sun.cpu.isalist=, hibernate.resource.beans.container=org.springframework.orm.hibernate5.SpringBeanContainer@444ddaba, hibernate.connection.handling_mode=DELAYED_ACQUISITION_AND_HOLD, sun.jnu.encoding=UTF-8, hibernate.dialect=org.hibernate.dialect.MySQL5Dialect, hibernate.implicit_naming_strategy=org.springframework.boot.orm.jpa.hibernate.SpringImplicitNamingStrategy, java.class.path=/home/developer/QUESTIONARI/Questionario/gestionequestionari-spring-boot/target/classes:/home/developer/.m2/org/springframework/boot/spring-boot-devtools/2.6.7/spring-boot-devtools-2.6.7.jar:/home/developer/.m2/org/springframework/boot/spring-boot/2.6.7/spring-boot-2.6.7.jar:/home/developer/.m2/org/springframework/spring-context/5.3.19/spring-context-5.3.19.jar:/home/developer/.m2/org/springframework/boot/spring-boot-autoconfigure/2.6.7/spring-boot-autoconfigure-2.6.7.jar:/home/developer/.m2/ch/qos/logback/logback-classic/1.2.11/logback-classic-1.2.11.jar:/home/developer/.m2/ch/qos/logback/logback-core/1.2.11/logback-core-1.2.11.jar:/home/developer/.m2/org/apache/logging/log4j/log4j-to-slf4j/2.17.2/log4j-to-slf4j-2.17.2.jar:/home/developer/.m2/org/apache/logging/log4j/log4j-api/2.17.2/log4j-api-2.17.2.jar:/home/developer/.m2/org/slf4j/jul-to-slf4j/1.7.36/jul-to-slf4j-1.7.36.jar:/home/developer/.m2/jakarta/annotation/jakarta.annotation-api/1.3.5/jakarta.annotation-api-1.3.5.jar:/home/developer/.m2/org/yaml/snakeyaml/1.29/snakeyaml-1.29.jar:/home/developer/.m2/org/springframework/spring-aop/5.3.19/spring-aop-5.3.19.jar:/home/developer/.m2/org/springframework/spring-beans/5.3.19/spring-beans-5.3.19.jar:/home/developer/.m2/org/aspectj/aspectjweaver/1.9.7/aspectjweaver-1.9.7.jar:/home/developer/.m2/com/zaxxer/HikariCP/4.0.3/HikariCP-4.0.3.jar:/home/developer/.m2/org/springframework/spring-jdbc/5.3.19/spring-jdbc-5.3.19.jar:/home/developer/.m2/org/springframework/spring-tx/5.3.19/spring-tx-5.3.19.jar:/home/developer/.m2/com/fasterxml/jackson/datatype/jackson-datatype-jdk8/2.13.2/jackson-datatype-jdk8-2.13.2.jar:/home/developer/.m2/com/fasterxml/jackson/datatype/jackson-datatype-jsr310/2.13.2/jackson-datatype-jsr310-2.13.2.jar:/home/developer/.m2/com/fasterxml/jackson/module/jackson-module-parameter-names/2.13.2/jackson-module-parameter-names-2.13.2.jar:/home/developer/.m2/org/apache/tomcat/embed/tomcat-embed-core/9.0.62/tomcat-embed-core-9.0.62.jar:/home/developer/.m2/org/apache/tomcat/embed/tomcat-embed-el/9.0.62/tomcat-embed-el-9.0.62.jar:/home/developer/.m2/org/apache/tomcat/embed/tomcat-embed-websocket/9.0.62/tomcat-embed-websocket-9.0.62.jar:/home/developer/.m2/org/springframework/spring-web/5.3.19/spring-web-5.3.19.jar:/home/developer/.m2/org/springframework/spring-webmvc/5.3.19/spring-webmvc-5.3.19.jar:/home/developer/.m2/org/springframework/spring-expression/5.3.19/spring-expression-5.3.19.jar:/home/developer/.m2/com/sun/xml/messaging/saaj/saaj-impl/1.5.3/saaj-impl-1.5.3.jar:/home/developer/.m2/jakarta/xml/soap/jakarta.xml.soap-api/1.4.2/jakarta.xml.soap-api-1.4.2.jar:/home/developer/.m2/org/jvnet/staxex/stax-ex/1.8.3/stax-ex-1.8.3.jar:/home/developer/.m2/com/sun/activation/jakarta.activation/1.2.2/jakarta.activation-1.2.2.jar:/home/developer/.m2/jakarta/xml/ws/jakarta.xml.ws-api/2.3.3/jakarta.xml.ws-api-2.3.3.jar:/home/developer/.m2/jakarta/jws/jakarta.jws-api/2.1.0/jakarta.jws-api-2.1.0.jar:/home/developer/.m2/org/springframework/spring-oxm/5.3.19/spring-oxm-5.3.19.jar:/home/developer/.m2/org/springframework/ws/spring-ws-core/3.1.3/spring-ws-core-3.1.3.jar:/home/developer/.m2/org/springframework/ws/spring-xml/3.1.3/spring-xml-3.1.3.jar:/home/developer/.m2/io/springfox/springfox-swagger2/2.9.2/springfox-swagger2-2.9.2.jar:/home/developer/.m2/io/swagger/swagger-annotations/1.5.20/swagger-annotations-1.5.20.jar:/home/developer/.m2/io/swagger/swagger-models/1.5.20/swagger-models-1.5.20.jar:/home/developer/.m2/com/fasterxml/jackson/core/jackson-annotations/2.13.2/jackson-annotations-2.13.2.jar:/home/developer/.m2/io/springfox/springfox-spi/2.9.2/springfox-spi-2.9.2.jar:/home/developer/.m2/io/springfox/springfox-core/2.9.2/springfox-core-2.9.2.jar:/home/developer/.m2/io/springfox/springfox-schema/2.9.2/springfox-schema-2.9.2.jar:/home/developer/.m2/io/springfox/springfox-swagger-common/2.9.2/springfox-swagger-common-2.9.2.jar:/home/developer/.m2/io/springfox/springfox-spring-web/2.9.2/springfox-spring-web-2.9.2.jar:/home/developer/.m2/com/google/guava/guava/20.0/guava-20.0.jar:/home/developer/.m2/com/fasterxml/classmate/1.5.1/classmate-1.5.1.jar:/home/developer/.m2/org/slf4j/slf4j-api/1.7.36/slf4j-api-1.7.36.jar:/home/developer/.m2/org/springframework/plugin/spring-plugin-core/1.2.0.RELEASE/spring-plugin-core-1.2.0.RELEASE.jar:/home/developer/.m2/org/springframework/plugin/spring-plugin-metadata/1.2.0.RELEASE/spring-plugin-metadata-1.2.0.RELEASE.jar:/home/developer/.m2/org/mapstruct/mapstruct/1.2.0.Final/mapstruct-1.2.0.Final.jar:/home/developer/.m2/io/springfox/springfox-swagger-ui/2.9.2/springfox-swagger-ui-2.9.2.jar:/home/developer/.m2/mysql/mysql-connector-java/8.0.28/mysql-connector-java-8.0.28.jar:/home/developer/.m2/jakarta/xml/bind/jakarta.xml.bind-api/2.3.3/jakarta.xml.bind-api-2.3.3.jar:/home/developer/.m2/jakarta/activation/jakarta.activation-api/1.2.2/jakarta.activation-api-1.2.2.jar:/home/developer/.m2/net/bytebuddy/byte-buddy/1.11.22/byte-buddy-1.11.22.jar:/home/developer/.m2/org/springframework/spring-core/5.3.19/spring-core-5.3.19.jar:/home/developer/.m2/org/springframework/spring-jcl/5.3.19/spring-jcl-5.3.19.jar:/home/developer/.m2/org/springframework/security/spring-security-config/5.6.3/spring-security-config-5.6.3.jar:/home/developer/.m2/org/springframework/security/spring-security-web/5.6.3/spring-security-web-5.6.3.jar:/home/developer/.m2/org/springframework/security/spring-security-core/5.6.3/spring-security-core-5.6.3.jar:/home/developer/.m2/org/springframework/security/spring-security-crypto/5.6.3/spring-security-crypto-5.6.3.jar:/home/developer/.m2/jakarta/transaction/jakarta.transaction-api/1.3.3/jakarta.transaction-api-1.3.3.jar:/home/developer/.m2/jakarta/persistence/jakarta.persistence-api/2.2.3/jakarta.persistence-api-2.2.3.jar:/home/developer/.m2/org/hibernate/hibernate-core/5.6.8.Final/hibernate-core-5.6.8.Final.jar:/home/developer/.m2/org/jboss/logging/jboss-logging/3.4.3.Final/jboss-logging-3.4.3.Final.jar:/home/developer/.m2/antlr/antlr/2.7.7/antlr-2.7.7.jar:/home/developer/.m2/org/jboss/jandex/2.4.2.Final/jandex-2.4.2.Final.jar:/home/developer/.m2/org/hibernate/common/hibernate-commons-annotations/5.1.2.Final/hibernate-commons-annotations-5.1.2.Final.jar:/home/developer/.m2/org/glassfish/jaxb/jaxb-runtime/2.3.6/jaxb-runtime-2.3.6.jar:/home/developer/.m2/org/glassfish/jaxb/txw2/2.3.6/txw2-2.3.6.jar:/home/developer/.m2/com/sun/istack/istack-commons-runtime/3.0.12/istack-commons-runtime-3.0.12.jar:/home/developer/.m2/org/springframework/data/spring-data-jpa/2.6.4/spring-data-jpa-2.6.4.jar:/home/developer/.m2/org/springframework/data/spring-data-commons/2.6.4/spring-data-commons-2.6.4.jar:/home/developer/.m2/org/springframework/spring-orm/5.3.19/spring-orm-5.3.19.jar:/home/developer/.m2/org/springframework/spring-aspects/5.3.19/spring-aspects-5.3.19.jar:/home/developer/.m2/io/jsonwebtoken/jjwt/0.9.1/jjwt-0.9.1.jar:/home/developer/.m2/com/fasterxml/jackson/core/jackson-databind/2.13.2.1/jackson-databind-2.13.2.1.jar:/home/developer/.m2/com/fasterxml/jackson/core/jackson-core/2.13.2/jackson-core-2.13.2.jar, java.vm.vendor=Oracle Corporation, sun.arch.data.model=64, java.vendor.url=https://openjdk.java.net/, catalina.useNaming=false, user.timezone=Europe/Rome, jakarta.persistence.sharedCache.mode=UNSPECIFIED, os.name=Linux, java.vm.specification.version=11, hibernate.generate_statistics=true, javax.persistence.validation.mode=AUTO, jakarta.persistence.nonJtaDataSource=HikariDataSource (HikariPool-1), sun.java.launcher=SUN_STANDARD, user.country=IT, sun.boot.library.path=/usr/java/jdk-11.0.12/lib, sun.java.command=it.f2informatica.questionari.GestionequestionariSpringApplication, javax.persistence.nonJtaDataSource=HikariDataSource (HikariPool-1), hibernate.transaction.jta.platform=org.hibernate.engine.transaction.jta.platform.internal.NoJtaPlatform@3c8e6efa, javax.persistence.sharedCache.mode=UNSPECIFIED, jdk.debug=release, sun.cpu.endian=little, user.home=/home/developer, user.language=it, java.specification.vendor=Oracle Corporation, java.version.date=2021-07-20, java.home=/usr/java/jdk-11.0.12, file.separator=/, java.vm.compressedOopsMode=32-bit, line.separator=
, hibernate.persistenceUnitName=default, java.specification.name=Java Platform API Specification, java.vm.specification.vendor=Oracle Corporation, FILE_LOG_CHARSET=UTF-8, hibernate.transaction.coordinator_class=class org.hibernate.resource.transaction.backend.jdbc.internal.JdbcResourceLocalTransactionCoordinatorBuilderImpl, java.awt.graphicsenv=sun.awt.X11GraphicsEnvironment, java.awt.headless=true, jakarta.persistence.validation.mode=AUTO, hibernate.hbm2ddl.auto=update, sun.management.compiler=HotSpot 64-Bit Tiered Compilers, java.runtime.version=11.0.12+8-LTS-237, user.name=developer, path.separator=:, os.version=4.18.0-348.2.1.el8_5.x86_64, java.runtime.name=Java(TM) SE Runtime Environment, file.encoding=UTF-8, hibernate.ejb.persistenceUnitName=default, spring.beaninfo.ignore=true, java.vm.name=Java HotSpot(TM) 64-Bit Server VM, hibernate.show_sql=true, java.vendor.version=18.9, java.vendor.url.bug=https://bugreport.java.com/bugreport/, java.io.tmpdir=/tmp, catalina.home=/tmp/tomcat.8091.14440188043290067263, java.version=11.0.12, hibernate.physical_naming_strategy=org.hibernate.boot.model.naming.CamelCaseToUnderscoresNamingStrategy, user.dir=/home/developer/QUESTIONARI/Questionario/gestionequestionari-spring-boot, os.arch=amd64, java.vm.specification.name=Java Virtual Machine Specification, PID=143421, java.awt.printerjob=sun.print.PSPrinterJob, sun.os.patch.level=unknown, CONSOLE_LOG_CHARSET=UTF-8, catalina.base=/tmp/tomcat.8091.14440188043290067263, hibernate.boot.CfgXmlAccessService.key=org.hibernate.boot.registry.StandardServiceRegistryBuilder$1@7e12565c, java.library.path=/usr/java/packages/lib:/usr/lib64:/lib64:/lib:/usr/lib, java.vendor=Oracle Corporation, java.vm.info=mixed mode, java.vm.version=11.0.12+8-LTS-237, hibernate.bytecode.use_reflection_optimizer=false, sun.io.unicode.encoding=UnicodeLittle, hibernate.archive.scanner=org.hibernate.boot.archive.scan.internal.DisabledScanner, hibernate.connection.datasource=HikariDataSource (HikariPool-1), java.class.version=55.0}
2022-06-13 11:42:24,303 || DEBUG o.h.secure.spi.JaccIntegrator--84 - Skipping JACC integration as it was not enabled
2022-06-13 11:42:24,304 || DEBUG o.h.internal.SessionFactoryImpl--316 - Instantiated session factory
2022-06-13 11:42:24,304 || DEBUG o.h.type.spi.TypeConfiguration$Scope--154 - Scoping TypeConfiguration [org.hibernate.type.spi.TypeConfiguration@57729d97] to SessionFactoryImpl [org.hibernate.internal.SessionFactoryImpl@48b5f2ac]
2022-06-13 11:42:24,334 || DEBUG o.h.b.internal.ClassLoaderAccessImpl--60 - Not known whether passed class name [it.f2informatica.questionari.domain.Domande] is safe
2022-06-13 11:42:24,335 || DEBUG o.h.b.internal.ClassLoaderAccessImpl--62 - No temp ClassLoader provided; using live ClassLoader for loading potentially unsafe class : it.f2informatica.questionari.domain.Domande
2022-06-13 11:42:24,472 || DEBUG o.h.b.internal.ClassLoaderAccessImpl--60 - Not known whether passed class name [it.f2informatica.questionari.domain.QuestionarioUtente] is safe
2022-06-13 11:42:24,472 || DEBUG o.h.b.internal.ClassLoaderAccessImpl--62 - No temp ClassLoader provided; using live ClassLoader for loading potentially unsafe class : it.f2informatica.questionari.domain.QuestionarioUtente
2022-06-13 11:42:24,482 || DEBUG o.h.b.internal.ClassLoaderAccessImpl--60 - Not known whether passed class name [it.f2informatica.questionari.domain.Utente] is safe
2022-06-13 11:42:24,483 || DEBUG o.h.b.internal.ClassLoaderAccessImpl--62 - No temp ClassLoader provided; using live ClassLoader for loading potentially unsafe class : it.f2informatica.questionari.domain.Utente
2022-06-13 11:42:24,495 || DEBUG o.h.b.internal.ClassLoaderAccessImpl--60 - Not known whether passed class name [it.f2informatica.questionari.domain.Questionario] is safe
2022-06-13 11:42:24,495 || DEBUG o.h.b.internal.ClassLoaderAccessImpl--62 - No temp ClassLoader provided; using live ClassLoader for loading potentially unsafe class : it.f2informatica.questionari.domain.Questionario
2022-06-13 11:42:24,504 || DEBUG o.h.b.internal.ClassLoaderAccessImpl--60 - Not known whether passed class name [it.f2informatica.questionari.domain.RisposteUtente] is safe
2022-06-13 11:42:24,505 || DEBUG o.h.b.internal.ClassLoaderAccessImpl--62 - No temp ClassLoader provided; using live ClassLoader for loading potentially unsafe class : it.f2informatica.questionari.domain.RisposteUtente
2022-06-13 11:42:24,515 || DEBUG o.h.p.entity.AbstractEntityPersister--4002 - Static SQL for entity: it.f2informatica.questionari.domain.Domande
2022-06-13 11:42:24,516 || DEBUG o.h.p.entity.AbstractEntityPersister--4007 -  Version select: select id_domanda from domande where id_domanda =?
2022-06-13 11:42:24,516 || DEBUG o.h.p.entity.AbstractEntityPersister--4010 -  Snapshot select: select domande_.id_domanda, domande_.domanda as domanda2_0_, domande_.punteggio as punteggi3_0_, domande_.questionario as question4_0_, domande_.ris_due as ris_due5_0_, domande_.ris_giusta as ris_gius6_0_, domande_.ris_tre as ris_tre7_0_, domande_.ris_uno as ris_uno8_0_ from domande domande_ where domande_.id_domanda=?
2022-06-13 11:42:24,516 || DEBUG o.h.p.entity.AbstractEntityPersister--394 -  Insert 0: insert into domande (domanda, punteggio, questionario, ris_due, ris_giusta, ris_tre, ris_uno, id_domanda) values (?, ?, ?, ?, ?, ?, ?, ?)
2022-06-13 11:42:24,516 || DEBUG o.h.p.entity.AbstractEntityPersister--394 -  Update 0: update domande set domanda=?, punteggio=?, questionario=?, ris_due=?, ris_giusta=?, ris_tre=?, ris_uno=? where id_domanda=?
2022-06-13 11:42:24,516 || DEBUG o.h.p.entity.AbstractEntityPersister--394 -  Delete 0: delete from domande where id_domanda=?
2022-06-13 11:42:24,516 || DEBUG o.h.p.entity.AbstractEntityPersister--4018 -  Identity insert: insert into domande (domanda, punteggio, questionario, ris_due, ris_giusta, ris_tre, ris_uno) values (?, ?, ?, ?, ?, ?, ?)
2022-06-13 11:42:24,533 || DEBUG o.h.l.p.b.i.spaces.QuerySpacesImpl--174 - Adding QuerySpace : uid = <gen:0> -> org.hibernate.loader.plan.build.internal.spaces.EntityQuerySpaceImpl@194c2f8b]
2022-06-13 11:42:24,535 || DEBUG o.h.p.w.spi.MetamodelGraphWalker--146 - Visiting attribute path : domanda
2022-06-13 11:42:24,535 || DEBUG o.h.p.w.spi.MetamodelGraphWalker--146 - Visiting attribute path : punteggio
2022-06-13 11:42:24,535 || DEBUG o.h.p.w.spi.MetamodelGraphWalker--146 - Visiting attribute path : questionario
2022-06-13 11:42:24,535 || DEBUG o.h.p.w.spi.MetamodelGraphWalker--146 - Visiting attribute path : ris_due
2022-06-13 11:42:24,535 || DEBUG o.h.p.w.spi.MetamodelGraphWalker--146 - Visiting attribute path : ris_giusta
2022-06-13 11:42:24,535 || DEBUG o.h.p.w.spi.MetamodelGraphWalker--146 - Visiting attribute path : ris_tre
2022-06-13 11:42:24,535 || DEBUG o.h.p.w.spi.MetamodelGraphWalker--146 - Visiting attribute path : ris_uno
2022-06-13 11:42:24,535 || DEBUG o.h.l.p.b.i.FetchStyleLoadPlanBuildingAssociationVisitationStrategy--160 - Building LoadPlan...
2022-06-13 11:42:24,541 || DEBUG o.h.l.p.e.i.LoadQueryJoinAndFetchProcessor--102 - processing queryspace <gen:0>
2022-06-13 11:42:24,544 || DEBUG o.h.l.p.b.spi.LoadPlanTreePrinter--55 - LoadPlan(entity=it.f2informatica.questionari.domain.Domande)
    - Returns
       - EntityReturnImpl(entity=it.f2informatica.questionari.domain.Domande, querySpaceUid=<gen:0>, path=it.f2informatica.questionari.domain.Domande)
    - QuerySpaces
       - EntityQuerySpaceImpl(uid=<gen:0>, entity=it.f2informatica.questionari.domain.Domande)
          - SQL table alias mapping - domande0_
          - alias suffix - 0_
          - suffixed key columns - {id_doman1_0_0_}

2022-06-13 11:42:24,545 || DEBUG o.h.loader.entity.plan.EntityLoader--129 - Static select for entity it.f2informatica.questionari.domain.Domande [NONE]: select domande0_.id_domanda as id_doman1_0_0_, domande0_.domanda as domanda2_0_0_, domande0_.punteggio as punteggi3_0_0_, domande0_.questionario as question4_0_0_, domande0_.ris_due as ris_due5_0_0_, domande0_.ris_giusta as ris_gius6_0_0_, domande0_.ris_tre as ris_tre7_0_0_, domande0_.ris_uno as ris_uno8_0_0_ from domande domande0_ where domande0_.id_domanda=?
2022-06-13 11:42:24,545 || DEBUG o.h.p.entity.AbstractEntityPersister--4002 - Static SQL for entity: it.f2informatica.questionari.domain.QuestionarioUtente
2022-06-13 11:42:24,545 || DEBUG o.h.p.entity.AbstractEntityPersister--4007 -  Version select: select questionario from questionario_utente where questionario =?
2022-06-13 11:42:24,545 || DEBUG o.h.p.entity.AbstractEntityPersister--4010 -  Snapshot select: select questionar_.questionario, questionar_.punteggio as punteggi2_2_, questionar_.utente as utente3_2_ from questionario_utente questionar_ where questionar_.questionario=?
2022-06-13 11:42:24,545 || DEBUG o.h.p.entity.AbstractEntityPersister--394 -  Insert 0: insert into questionario_utente (punteggio, utente, questionario) values (?, ?, ?)
2022-06-13 11:42:24,545 || DEBUG o.h.p.entity.AbstractEntityPersister--394 -  Update 0: update questionario_utente set punteggio=?, utente=? where questionario=?
2022-06-13 11:42:24,545 || DEBUG o.h.p.entity.AbstractEntityPersister--394 -  Delete 0: delete from questionario_utente where questionario=?
2022-06-13 11:42:24,546 || DEBUG o.h.p.entity.AbstractEntityPersister--4018 -  Identity insert: insert into questionario_utente (punteggio, utente) values (?, ?)
2022-06-13 11:42:24,546 || DEBUG o.h.l.p.b.i.spaces.QuerySpacesImpl--174 - Adding QuerySpace : uid = <gen:0> -> org.hibernate.loader.plan.build.internal.spaces.EntityQuerySpaceImpl@649b1bec]
2022-06-13 11:42:24,546 || DEBUG o.h.p.w.spi.MetamodelGraphWalker--146 - Visiting attribute path : punteggio
2022-06-13 11:42:24,546 || DEBUG o.h.p.w.spi.MetamodelGraphWalker--146 - Visiting attribute path : utente
2022-06-13 11:42:24,546 || DEBUG o.h.l.p.b.i.FetchStyleLoadPlanBuildingAssociationVisitationStrategy--160 - Building LoadPlan...
2022-06-13 11:42:24,546 || DEBUG o.h.l.p.e.i.LoadQueryJoinAndFetchProcessor--102 - processing queryspace <gen:0>
2022-06-13 11:42:24,546 || DEBUG o.h.l.p.b.spi.LoadPlanTreePrinter--55 - LoadPlan(entity=it.f2informatica.questionari.domain.QuestionarioUtente)
    - Returns
       - EntityReturnImpl(entity=it.f2informatica.questionari.domain.QuestionarioUtente, querySpaceUid=<gen:0>, path=it.f2informatica.questionari.domain.QuestionarioUtente)
    - QuerySpaces
       - EntityQuerySpaceImpl(uid=<gen:0>, entity=it.f2informatica.questionari.domain.QuestionarioUtente)
          - SQL table alias mapping - questionar0_
          - alias suffix - 0_
          - suffixed key columns - {question1_2_0_}

2022-06-13 11:42:24,546 || DEBUG o.h.loader.entity.plan.EntityLoader--129 - Static select for entity it.f2informatica.questionari.domain.QuestionarioUtente [NONE]: select questionar0_.questionario as question1_2_0_, questionar0_.punteggio as punteggi2_2_0_, questionar0_.utente as utente3_2_0_ from questionario_utente questionar0_ where questionar0_.questionario=?
2022-06-13 11:42:24,547 || DEBUG o.h.p.entity.AbstractEntityPersister--4002 - Static SQL for entity: it.f2informatica.questionari.domain.Utente
2022-06-13 11:42:24,547 || DEBUG o.h.p.entity.AbstractEntityPersister--4007 -  Version select: select id_utente from utente where id_utente =?
2022-06-13 11:42:24,547 || DEBUG o.h.p.entity.AbstractEntityPersister--4010 -  Snapshot select: select utente_.id_utente, utente_.cognome as cognome2_4_, utente_.email as email3_4_, utente_.nome as nome4_4_, utente_.password as password5_4_, utente_.ruolo as ruolo6_4_ from utente utente_ where utente_.id_utente=?
2022-06-13 11:42:24,547 || DEBUG o.h.p.entity.AbstractEntityPersister--394 -  Insert 0: insert into utente (cognome, email, nome, password, ruolo, id_utente) values (?, ?, ?, ?, ?, ?)
2022-06-13 11:42:24,547 || DEBUG o.h.p.entity.AbstractEntityPersister--394 -  Update 0: update utente set cognome=?, email=?, nome=?, password=?, ruolo=? where id_utente=?
2022-06-13 11:42:24,547 || DEBUG o.h.p.entity.AbstractEntityPersister--394 -  Delete 0: delete from utente where id_utente=?
2022-06-13 11:42:24,547 || DEBUG o.h.p.entity.AbstractEntityPersister--4018 -  Identity insert: insert into utente (cognome, email, nome, password, ruolo) values (?, ?, ?, ?, ?)
2022-06-13 11:42:24,547 || DEBUG o.h.l.p.b.i.spaces.QuerySpacesImpl--174 - Adding QuerySpace : uid = <gen:0> -> org.hibernate.loader.plan.build.internal.spaces.EntityQuerySpaceImpl@9aa31f6]
2022-06-13 11:42:24,547 || DEBUG o.h.p.w.spi.MetamodelGraphWalker--146 - Visiting attribute path : cognome
2022-06-13 11:42:24,547 || DEBUG o.h.p.w.spi.MetamodelGraphWalker--146 - Visiting attribute path : email
2022-06-13 11:42:24,547 || DEBUG o.h.p.w.spi.MetamodelGraphWalker--146 - Visiting attribute path : nome
2022-06-13 11:42:24,547 || DEBUG o.h.p.w.spi.MetamodelGraphWalker--146 - Visiting attribute path : password
2022-06-13 11:42:24,547 || DEBUG o.h.p.w.spi.MetamodelGraphWalker--146 - Visiting attribute path : ruolo
2022-06-13 11:42:24,547 || DEBUG o.h.l.p.b.i.FetchStyleLoadPlanBuildingAssociationVisitationStrategy--160 - Building LoadPlan...
2022-06-13 11:42:24,548 || DEBUG o.h.l.p.e.i.LoadQueryJoinAndFetchProcessor--102 - processing queryspace <gen:0>
2022-06-13 11:42:24,548 || DEBUG o.h.l.p.b.spi.LoadPlanTreePrinter--55 - LoadPlan(entity=it.f2informatica.questionari.domain.Utente)
    - Returns
       - EntityReturnImpl(entity=it.f2informatica.questionari.domain.Utente, querySpaceUid=<gen:0>, path=it.f2informatica.questionari.domain.Utente)
    - QuerySpaces
       - EntityQuerySpaceImpl(uid=<gen:0>, entity=it.f2informatica.questionari.domain.Utente)
          - SQL table alias mapping - utente0_
          - alias suffix - 0_
          - suffixed key columns - {id_utent1_4_0_}

2022-06-13 11:42:24,548 || DEBUG o.h.loader.entity.plan.EntityLoader--129 - Static select for entity it.f2informatica.questionari.domain.Utente [NONE]: select utente0_.id_utente as id_utent1_4_0_, utente0_.cognome as cognome2_4_0_, utente0_.email as email3_4_0_, utente0_.nome as nome4_4_0_, utente0_.password as password5_4_0_, utente0_.ruolo as ruolo6_4_0_ from utente utente0_ where utente0_.id_utente=?
2022-06-13 11:42:24,548 || DEBUG o.h.p.entity.AbstractEntityPersister--4002 - Static SQL for entity: it.f2informatica.questionari.domain.Questionario
2022-06-13 11:42:24,548 || DEBUG o.h.p.entity.AbstractEntityPersister--4007 -  Version select: select id_questionario from questionario where id_questionario =?
2022-06-13 11:42:24,548 || DEBUG o.h.p.entity.AbstractEntityPersister--4010 -  Snapshot select: select questionar_.id_questionario, questionar_.descrizione as descrizi2_1_, questionar_.docente as docente3_1_, questionar_.titolo as titolo4_1_ from questionario questionar_ where questionar_.id_questionario=?
2022-06-13 11:42:24,548 || DEBUG o.h.p.entity.AbstractEntityPersister--394 -  Insert 0: insert into questionario (descrizione, docente, titolo, id_questionario) values (?, ?, ?, ?)
2022-06-13 11:42:24,548 || DEBUG o.h.p.entity.AbstractEntityPersister--394 -  Update 0: update questionario set descrizione=?, docente=?, titolo=? where id_questionario=?
2022-06-13 11:42:24,548 || DEBUG o.h.p.entity.AbstractEntityPersister--394 -  Delete 0: delete from questionario where id_questionario=?
2022-06-13 11:42:24,548 || DEBUG o.h.p.entity.AbstractEntityPersister--4018 -  Identity insert: insert into questionario (descrizione, docente, titolo) values (?, ?, ?)
2022-06-13 11:42:24,548 || DEBUG o.h.l.p.b.i.spaces.QuerySpacesImpl--174 - Adding QuerySpace : uid = <gen:0> -> org.hibernate.loader.plan.build.internal.spaces.EntityQuerySpaceImpl@275fe3d8]
2022-06-13 11:42:24,548 || DEBUG o.h.p.w.spi.MetamodelGraphWalker--146 - Visiting attribute path : descrizione
2022-06-13 11:42:24,549 || DEBUG o.h.p.w.spi.MetamodelGraphWalker--146 - Visiting attribute path : docente
2022-06-13 11:42:24,549 || DEBUG o.h.p.w.spi.MetamodelGraphWalker--146 - Visiting attribute path : titolo
2022-06-13 11:42:24,549 || DEBUG o.h.l.p.b.i.FetchStyleLoadPlanBuildingAssociationVisitationStrategy--160 - Building LoadPlan...
2022-06-13 11:42:24,549 || DEBUG o.h.l.p.e.i.LoadQueryJoinAndFetchProcessor--102 - processing queryspace <gen:0>
2022-06-13 11:42:24,549 || DEBUG o.h.l.p.b.spi.LoadPlanTreePrinter--55 - LoadPlan(entity=it.f2informatica.questionari.domain.Questionario)
    - Returns
       - EntityReturnImpl(entity=it.f2informatica.questionari.domain.Questionario, querySpaceUid=<gen:0>, path=it.f2informatica.questionari.domain.Questionario)
    - QuerySpaces
       - EntityQuerySpaceImpl(uid=<gen:0>, entity=it.f2informatica.questionari.domain.Questionario)
          - SQL table alias mapping - questionar0_
          - alias suffix - 0_
          - suffixed key columns - {id_quest1_1_0_}

2022-06-13 11:42:24,549 || DEBUG o.h.loader.entity.plan.EntityLoader--129 - Static select for entity it.f2informatica.questionari.domain.Questionario [NONE]: select questionar0_.id_questionario as id_quest1_1_0_, questionar0_.descrizione as descrizi2_1_0_, questionar0_.docente as docente3_1_0_, questionar0_.titolo as titolo4_1_0_ from questionario questionar0_ where questionar0_.id_questionario=?
2022-06-13 11:42:24,549 || DEBUG o.h.p.entity.AbstractEntityPersister--4002 - Static SQL for entity: it.f2informatica.questionari.domain.RisposteUtente
2022-06-13 11:42:24,549 || DEBUG o.h.p.entity.AbstractEntityPersister--4007 -  Version select: select risposta from risposte_utente where risposta =?
2022-06-13 11:42:24,549 || DEBUG o.h.p.entity.AbstractEntityPersister--4010 -  Snapshot select: select risposteut_.risposta, risposteut_.domanda as domanda2_3_, risposteut_.id_utente as id_utent3_3_ from risposte_utente risposteut_ where risposteut_.risposta=?
2022-06-13 11:42:24,549 || DEBUG o.h.p.entity.AbstractEntityPersister--394 -  Insert 0: insert into risposte_utente (domanda, id_utente, risposta) values (?, ?, ?)
2022-06-13 11:42:24,550 || DEBUG o.h.p.entity.AbstractEntityPersister--394 -  Update 0: update risposte_utente set domanda=?, id_utente=? where risposta=?
2022-06-13 11:42:24,550 || DEBUG o.h.p.entity.AbstractEntityPersister--394 -  Delete 0: delete from risposte_utente where risposta=?
2022-06-13 11:42:24,550 || DEBUG o.h.p.entity.AbstractEntityPersister--4018 -  Identity insert: insert into risposte_utente (domanda, id_utente) values (?, ?)
2022-06-13 11:42:24,550 || DEBUG o.h.l.p.b.i.spaces.QuerySpacesImpl--174 - Adding QuerySpace : uid = <gen:0> -> org.hibernate.loader.plan.build.internal.spaces.EntityQuerySpaceImpl@1929228e]
2022-06-13 11:42:24,550 || DEBUG o.h.p.w.spi.MetamodelGraphWalker--146 - Visiting attribute path : domanda
2022-06-13 11:42:24,550 || DEBUG o.h.p.w.spi.MetamodelGraphWalker--146 - Visiting attribute path : id_utente
2022-06-13 11:42:24,550 || DEBUG o.h.l.p.b.i.FetchStyleLoadPlanBuildingAssociationVisitationStrategy--160 - Building LoadPlan...
2022-06-13 11:42:24,550 || DEBUG o.h.l.p.e.i.LoadQueryJoinAndFetchProcessor--102 - processing queryspace <gen:0>
2022-06-13 11:42:24,550 || DEBUG o.h.l.p.b.spi.LoadPlanTreePrinter--55 - LoadPlan(entity=it.f2informatica.questionari.domain.RisposteUtente)
    - Returns
       - EntityReturnImpl(entity=it.f2informatica.questionari.domain.RisposteUtente, querySpaceUid=<gen:0>, path=it.f2informatica.questionari.domain.RisposteUtente)
    - QuerySpaces
       - EntityQuerySpaceImpl(uid=<gen:0>, entity=it.f2informatica.questionari.domain.RisposteUtente)
          - SQL table alias mapping - risposteut0_
          - alias suffix - 0_
          - suffixed key columns - {risposta1_3_0_}

2022-06-13 11:42:24,550 || DEBUG o.h.loader.entity.plan.EntityLoader--129 - Static select for entity it.f2informatica.questionari.domain.RisposteUtente [NONE]: select risposteut0_.risposta as risposta1_3_0_, risposteut0_.domanda as domanda2_3_0_, risposteut0_.id_utente as id_utent3_3_0_ from risposte_utente risposteut0_ where risposteut0_.risposta=?
2022-06-13 11:42:24,611 || DEBUG org.hibernate.mapping.Table--497 - No alter strings for table : domande
2022-06-13 11:42:24,611 || DEBUG org.hibernate.mapping.Table--497 - No alter strings for table : questionario
2022-06-13 11:42:24,611 || DEBUG org.hibernate.mapping.Table--497 - No alter strings for table : questionario_utente
2022-06-13 11:42:24,611 || DEBUG org.hibernate.mapping.Table--497 - No alter strings for table : risposte_utente
2022-06-13 11:42:24,611 || DEBUG org.hibernate.mapping.Table--497 - No alter strings for table : utente
2022-06-13 11:42:24,612 || INFO  o.h.e.t.j.p.i.JtaPlatformInitiator--52 - HHH000490: Using JtaPlatform implementation: [org.hibernate.engine.transaction.jta.platform.internal.NoJtaPlatform]
2022-06-13 11:42:24,613 || DEBUG o.h.query.spi.NamedQueryRepository--171 - Checking 0 named HQL queries
2022-06-13 11:42:24,613 || DEBUG o.h.query.spi.NamedQueryRepository--185 - Checking 0 named SQL queries
2022-06-13 11:42:24,615 || DEBUG o.h.s.i.SessionFactoryServiceRegistryImpl--92 - EventListenerRegistry access via ServiceRegistry is deprecated.  Use `sessionFactory.getEventEngine().getListenerRegistry()` instead
2022-06-13 11:42:24,619 || DEBUG o.h.internal.SessionFactoryRegistry--51 - Initializing SessionFactoryRegistry : org.hibernate.internal.SessionFactoryRegistry@7edc6f03
2022-06-13 11:42:24,619 || DEBUG o.h.internal.SessionFactoryRegistry--73 - Registering SessionFactory: e8469863-a7ea-4a1f-b62c-d78320de204e (<unnamed>)
2022-06-13 11:42:24,619 || DEBUG o.h.internal.SessionFactoryRegistry--80 - Not binding SessionFactory to JNDI, no JNDI name configured
2022-06-13 11:42:24,731 || DEBUG o.h.s.internal.StatisticsInitiator--101 - Statistics initialized [enabled=true]
2022-06-13 11:42:24,736 || INFO  o.h.e.i.StatisticalLoggingSessionEventListener--258 - Session Metrics {
    0 nanoseconds spent acquiring 0 JDBC connections;
    0 nanoseconds spent releasing 0 JDBC connections;
    0 nanoseconds spent preparing 0 JDBC statements;
    0 nanoseconds spent executing 0 JDBC statements;
    0 nanoseconds spent executing 0 JDBC batches;
    0 nanoseconds spent performing 0 L2C puts;
    0 nanoseconds spent performing 0 L2C hits;
    0 nanoseconds spent performing 0 L2C misses;
    0 nanoseconds spent executing 0 flushes (flushing a total of 0 entities and 0 collections);
    0 nanoseconds spent executing 0 partial-flushes (flushing a total of 0 entities and 0 collections)
}
2022-06-13 11:42:24,737 || INFO  o.h.e.i.StatisticalLoggingSessionEventListener--258 - Session Metrics {
    0 nanoseconds spent acquiring 0 JDBC connections;
    0 nanoseconds spent releasing 0 JDBC connections;
    0 nanoseconds spent preparing 0 JDBC statements;
    0 nanoseconds spent executing 0 JDBC statements;
    0 nanoseconds spent executing 0 JDBC batches;
    0 nanoseconds spent performing 0 L2C puts;
    0 nanoseconds spent performing 0 L2C hits;
    0 nanoseconds spent performing 0 L2C misses;
    0 nanoseconds spent executing 0 flushes (flushing a total of 0 entities and 0 collections);
    0 nanoseconds spent executing 0 partial-flushes (flushing a total of 0 entities and 0 collections)
}
2022-06-13 11:42:24,790 || INFO  o.h.e.i.StatisticalLoggingSessionEventListener--258 - Session Metrics {
    0 nanoseconds spent acquiring 0 JDBC connections;
    0 nanoseconds spent releasing 0 JDBC connections;
    0 nanoseconds spent preparing 0 JDBC statements;
    0 nanoseconds spent executing 0 JDBC statements;
    0 nanoseconds spent executing 0 JDBC batches;
    0 nanoseconds spent performing 0 L2C puts;
    0 nanoseconds spent performing 0 L2C hits;
    0 nanoseconds spent performing 0 L2C misses;
    0 nanoseconds spent executing 0 flushes (flushing a total of 0 entities and 0 collections);
    0 nanoseconds spent executing 0 partial-flushes (flushing a total of 0 entities and 0 collections)
}
2022-06-13 11:42:24,854 || DEBUG o.h.e.t.internal.TransactionImpl--53 - On TransactionImpl creation, JpaCompliance#isJpaTransactionComplianceEnabled == false
2022-06-13 11:42:24,854 || INFO  o.h.e.i.StatisticalLoggingSessionEventListener--258 - Session Metrics {
    0 nanoseconds spent acquiring 0 JDBC connections;
    0 nanoseconds spent releasing 0 JDBC connections;
    0 nanoseconds spent preparing 0 JDBC statements;
    0 nanoseconds spent executing 0 JDBC statements;
    0 nanoseconds spent executing 0 JDBC batches;
    0 nanoseconds spent performing 0 L2C puts;
    0 nanoseconds spent performing 0 L2C hits;
    0 nanoseconds spent performing 0 L2C misses;
    0 nanoseconds spent executing 0 flushes (flushing a total of 0 entities and 0 collections);
    0 nanoseconds spent executing 0 partial-flushes (flushing a total of 0 entities and 0 collections)
}
2022-06-13 11:42:24,856 || INFO  o.h.e.i.StatisticalLoggingSessionEventListener--258 - Session Metrics {
    0 nanoseconds spent acquiring 0 JDBC connections;
    0 nanoseconds spent releasing 0 JDBC connections;
    0 nanoseconds spent preparing 0 JDBC statements;
    0 nanoseconds spent executing 0 JDBC statements;
    0 nanoseconds spent executing 0 JDBC batches;
    0 nanoseconds spent performing 0 L2C puts;
    0 nanoseconds spent performing 0 L2C hits;
    0 nanoseconds spent performing 0 L2C misses;
    0 nanoseconds spent executing 0 flushes (flushing a total of 0 entities and 0 collections);
    0 nanoseconds spent executing 0 partial-flushes (flushing a total of 0 entities and 0 collections)
}
